[ 2021-12-29T21:02:26+08:00 ] ::1 /api_for_study/index.php/Comment/getComments
INFO: [ app_init ] --START--
INFO: Run Behavior\BuildLiteBehavior [ RunTime:0.000030s ]
INFO: [ app_init ] --END-- [ RunTime:0.000817s ]
INFO: [ app_begin ] --START--
INFO: Run Behavior\ReadHtmlCacheBehavior [ RunTime:0.001125s ]
INFO: [ app_begin ] --END-- [ RunTime:0.001261s ]
SQL: SHOW COLUMNS FROM `js_comment` [ RunTime:0.0029s ]
SQL: SELECT COUNT(*) AS tp_count FROM `js_comment` WHERE `status` = 1 AND `is_add_comment` = 0 LIMIT 1   [ RunTime:0.0005s ]
SQL: SELECT COUNT(*) AS tp_count FROM `js_comment` WHERE `status` = 1 AND `is_add_comment` = 0 AND `star_num` = 1 LIMIT 1   [ RunTime:0.0003s ]
SQL: SELECT COUNT(*) AS tp_count FROM `js_comment` WHERE `status` = 1 AND `is_add_comment` = 0 AND ( `star_num` <= 4 AND `star_num` >= 2  ) LIMIT 1   [ RunTime:0.0005s ]
SQL: SELECT COUNT(*) AS tp_count FROM `js_comment` WHERE `status` = 1 AND `is_add_comment` = 0 AND ( `star_num` <= 4 AND `star_num` >= 2  ) LIMIT 1   [ RunTime:0.0004s ]
SQL: SELECT COUNT(*) AS tp_count FROM `js_comment` WHERE `status` = 1 AND `is_add_comment` = 0 AND ( `star_num` <= 4 AND `star_num` >= 2  ) LIMIT 1   [ RunTime:0.0005s ]
SQL: SELECT COUNT(*) AS tp_count FROM `js_comment` WHERE `status` = 1 AND `is_add_comment` = 0 AND `star_num` = 5 LIMIT 1   [ RunTime:0.0003s ]
SQL: SELECT COUNT(*) AS tp_count FROM `js_comment` WHERE `status` = 1 AND `is_add_comment` = 0 LIMIT 1   [ RunTime:0.0003s ]
SQL: SELECT * FROM `js_comment` WHERE `status` = 1 AND `is_add_comment` = 0 ORDER BY id desc LIMIT 0,5   [ RunTime:0.0004s ]
SQL: SHOW COLUMNS FROM `js_user` [ RunTime:0.0030s ]
SQL: SELECT * FROM `js_user` WHERE ( 1=1 AND id='14' ) LIMIT 1   [ RunTime:0.0007s ]
SQL: SELECT * FROM `js_user` WHERE ( 1=1 AND id='13' ) LIMIT 1   [ RunTime:0.0002s ]
SQL: SELECT * FROM `js_user` WHERE ( 1=1 AND id='12' ) LIMIT 1   [ RunTime:0.0001s ]
SQL: SELECT * FROM `js_user` WHERE ( 1=1 AND id='11' ) LIMIT 1   [ RunTime:0.0001s ]
SQL: SELECT * FROM `js_user` WHERE ( 1=1 AND id='10' ) LIMIT 1   [ RunTime:0.0001s ]
SQL: SELECT * FROM `js_comment` WHERE `add_id` = 108 AND `is_add_comment` = 1 LIMIT 1   [ RunTime:0.0002s ]
SQL: SELECT * FROM `js_comment` WHERE `add_id` = 81 AND `is_add_comment` = 1 LIMIT 1   [ RunTime:0.0001s ]
SQL: SELECT * FROM `js_comment` WHERE `add_id` = 80 AND `is_add_comment` = 1 LIMIT 1   [ RunTime:0.0001s ]
SQL: SELECT * FROM `js_comment` WHERE `add_id` = 78 AND `is_add_comment` = 1 LIMIT 1   [ RunTime:0.0003s ]
SQL: SELECT * FROM `js_comment` WHERE `add_id` = 72 AND `is_add_comment` = 1 LIMIT 1   [ RunTime:0.0003s ]

[ 2021-12-29T21:02:35+08:00 ] ::1 /api_for_study/index.php/Comment/getComments
INFO: [ app_init ] --START--
INFO: Run Behavior\BuildLiteBehavior [ RunTime:0.000025s ]
INFO: [ app_init ] --END-- [ RunTime:0.000328s ]
INFO: [ app_begin ] --START--
INFO: Run Behavior\ReadHtmlCacheBehavior [ RunTime:0.000366s ]
INFO: [ app_begin ] --END-- [ RunTime:0.000466s ]
SQL: SHOW COLUMNS FROM `js_comment` [ RunTime:0.0106s ]
SQL: SELECT COUNT(*) AS tp_count FROM `js_comment` WHERE `status` = 1 AND `is_add_comment` = 0 LIMIT 1   [ RunTime:0.0003s ]
SQL: SELECT COUNT(*) AS tp_count FROM `js_comment` WHERE `status` = 1 AND `is_add_comment` = 0 AND `star_num` = 1 LIMIT 1   [ RunTime:0.0002s ]
SQL: SELECT COUNT(*) AS tp_count FROM `js_comment` WHERE `status` = 1 AND `is_add_comment` = 0 AND ( `star_num` <= 4 AND `star_num` >= 2  ) LIMIT 1   [ RunTime:0.0002s ]
SQL: SELECT COUNT(*) AS tp_count FROM `js_comment` WHERE `status` = 1 AND `is_add_comment` = 0 AND ( `star_num` <= 4 AND `star_num` >= 2  ) LIMIT 1   [ RunTime:0.0002s ]
SQL: SELECT COUNT(*) AS tp_count FROM `js_comment` WHERE `status` = 1 AND `is_add_comment` = 0 AND ( `star_num` <= 4 AND `star_num` >= 2  ) LIMIT 1   [ RunTime:0.0002s ]
SQL: SELECT COUNT(*) AS tp_count FROM `js_comment` WHERE `status` = 1 AND `is_add_comment` = 0 AND `star_num` = 5 LIMIT 1   [ RunTime:0.0003s ]
SQL: SELECT COUNT(*) AS tp_count FROM `js_comment` WHERE `status` = 1 AND `is_add_comment` = 0 LIMIT 1   [ RunTime:0.0003s ]
SQL: SELECT * FROM `js_comment` WHERE `status` = 1 AND `is_add_comment` = 0 ORDER BY id desc LIMIT 5,5   [ RunTime:0.0002s ]
SQL: SHOW COLUMNS FROM `js_user` [ RunTime:0.0019s ]
SQL: SELECT * FROM `js_user` WHERE ( 1=1 AND id='9' ) LIMIT 1   [ RunTime:0.0002s ]
SQL: SELECT * FROM `js_user` WHERE ( 1=1 AND id='8' ) LIMIT 1   [ RunTime:0.0002s ]
SQL: SELECT * FROM `js_user` WHERE ( 1=1 AND id='7' ) LIMIT 1   [ RunTime:0.0002s ]
SQL: SELECT * FROM `js_user` WHERE ( 1=1 AND id='6' ) LIMIT 1   [ RunTime:0.0002s ]
SQL: SELECT * FROM `js_user` WHERE ( 1=1 AND id='5' ) LIMIT 1   [ RunTime:0.0003s ]
SQL: SELECT * FROM `js_comment` WHERE `add_id` = 70 AND `is_add_comment` = 1 LIMIT 1   [ RunTime:0.0003s ]
SQL: SELECT * FROM `js_comment` WHERE `add_id` = 69 AND `is_add_comment` = 1 LIMIT 1   [ RunTime:0.0003s ]
SQL: SELECT * FROM `js_comment` WHERE `add_id` = 68 AND `is_add_comment` = 1 LIMIT 1   [ RunTime:0.0003s ]
SQL: SELECT * FROM `js_comment` WHERE `add_id` = 67 AND `is_add_comment` = 1 LIMIT 1   [ RunTime:0.0002s ]
SQL: SELECT * FROM `js_comment` WHERE `add_id` = 66 AND `is_add_comment` = 1 LIMIT 1   [ RunTime:0.0003s ]

[ 2021-12-29T21:02:36+08:00 ] ::1 /api_for_study/index.php/Comment/getComments
INFO: [ app_init ] --START--
INFO: Run Behavior\BuildLiteBehavior [ RunTime:0.000027s ]
INFO: [ app_init ] --END-- [ RunTime:0.000343s ]
INFO: [ app_begin ] --START--
INFO: Run Behavior\ReadHtmlCacheBehavior [ RunTime:0.000387s ]
INFO: [ app_begin ] --END-- [ RunTime:0.000494s ]
SQL: SHOW COLUMNS FROM `js_comment` [ RunTime:0.0105s ]
SQL: SELECT COUNT(*) AS tp_count FROM `js_comment` WHERE `status` = 1 AND `is_add_comment` = 0 LIMIT 1   [ RunTime:0.0005s ]
SQL: SELECT COUNT(*) AS tp_count FROM `js_comment` WHERE `status` = 1 AND `is_add_comment` = 0 AND `star_num` = 1 LIMIT 1   [ RunTime:0.0004s ]
SQL: SELECT COUNT(*) AS tp_count FROM `js_comment` WHERE `status` = 1 AND `is_add_comment` = 0 AND ( `star_num` <= 4 AND `star_num` >= 2  ) LIMIT 1   [ RunTime:0.0004s ]
SQL: SELECT COUNT(*) AS tp_count FROM `js_comment` WHERE `status` = 1 AND `is_add_comment` = 0 AND ( `star_num` <= 4 AND `star_num` >= 2  ) LIMIT 1   [ RunTime:0.0004s ]
SQL: SELECT COUNT(*) AS tp_count FROM `js_comment` WHERE `status` = 1 AND `is_add_comment` = 0 AND ( `star_num` <= 4 AND `star_num` >= 2  ) LIMIT 1   [ RunTime:0.0004s ]
SQL: SELECT COUNT(*) AS tp_count FROM `js_comment` WHERE `status` = 1 AND `is_add_comment` = 0 AND `star_num` = 5 LIMIT 1   [ RunTime:0.0003s ]
SQL: SELECT COUNT(*) AS tp_count FROM `js_comment` WHERE `status` = 1 AND `is_add_comment` = 0 LIMIT 1   [ RunTime:0.0003s ]
SQL: SELECT * FROM `js_comment` WHERE `status` = 1 AND `is_add_comment` = 0 ORDER BY id desc LIMIT 10,5   [ RunTime:0.0003s ]
SQL: SHOW COLUMNS FROM `js_user` [ RunTime:0.0024s ]
SQL: SELECT * FROM `js_user` WHERE ( 1=1 AND id='4' ) LIMIT 1   [ RunTime:0.0003s ]
SQL: SELECT * FROM `js_user` WHERE ( 1=1 AND id='3' ) LIMIT 1   [ RunTime:0.0002s ]
SQL: SELECT * FROM `js_user` WHERE ( 1=1 AND id='2' ) LIMIT 1   [ RunTime:0.0002s ]
SQL: SELECT * FROM `js_user` WHERE ( 1=1 AND id='1' ) LIMIT 1   [ RunTime:0.0003s ]
SQL: SELECT * FROM `js_comment` WHERE `add_id` = 65 AND `is_add_comment` = 1 LIMIT 1   [ RunTime:0.0002s ]
SQL: SELECT * FROM `js_comment` WHERE `add_id` = 64 AND `is_add_comment` = 1 LIMIT 1   [ RunTime:0.0002s ]
SQL: SELECT * FROM `js_comment` WHERE `add_id` = 63 AND `is_add_comment` = 1 LIMIT 1   [ RunTime:0.0002s ]
SQL: SELECT * FROM `js_comment` WHERE `add_id` = 62 AND `is_add_comment` = 1 LIMIT 1   [ RunTime:0.0002s ]

[ 2021-12-29T21:02:38+08:00 ] ::1 /api_for_study/index.php/Comment/getComments
INFO: [ app_init ] --START--
INFO: Run Behavior\BuildLiteBehavior [ RunTime:0.000025s ]
INFO: [ app_init ] --END-- [ RunTime:0.000495s ]
INFO: [ app_begin ] --START--
INFO: Run Behavior\ReadHtmlCacheBehavior [ RunTime:0.000396s ]
INFO: [ app_begin ] --END-- [ RunTime:0.000506s ]
SQL: SHOW COLUMNS FROM `js_comment` [ RunTime:0.0027s ]
SQL: SELECT COUNT(*) AS tp_count FROM `js_comment` WHERE `status` = 1 AND `is_add_comment` = 0 LIMIT 1   [ RunTime:0.0004s ]
SQL: SELECT COUNT(*) AS tp_count FROM `js_comment` WHERE `status` = 1 AND `is_add_comment` = 0 AND `star_num` = 1 LIMIT 1   [ RunTime:0.0003s ]
SQL: SELECT COUNT(*) AS tp_count FROM `js_comment` WHERE `status` = 1 AND `is_add_comment` = 0 AND ( `star_num` <= 4 AND `star_num` >= 2  ) LIMIT 1   [ RunTime:0.0003s ]
SQL: SELECT COUNT(*) AS tp_count FROM `js_comment` WHERE `status` = 1 AND `is_add_comment` = 0 AND ( `star_num` <= 4 AND `star_num` >= 2  ) LIMIT 1   [ RunTime:0.0004s ]
SQL: SELECT COUNT(*) AS tp_count FROM `js_comment` WHERE `status` = 1 AND `is_add_comment` = 0 AND ( `star_num` <= 4 AND `star_num` >= 2  ) LIMIT 1   [ RunTime:0.0003s ]
SQL: SELECT COUNT(*) AS tp_count FROM `js_comment` WHERE `status` = 1 AND `is_add_comment` = 0 AND `star_num` = 5 LIMIT 1   [ RunTime:0.0003s ]
SQL: SELECT COUNT(*) AS tp_count FROM `js_comment` WHERE `status` = 1 AND `is_add_comment` = 0 LIMIT 1   [ RunTime:0.0002s ]
SQL: SELECT * FROM `js_comment` WHERE `status` = 1 AND `is_add_comment` = 0 ORDER BY id desc LIMIT 5,5   [ RunTime:0.0003s ]
SQL: SHOW COLUMNS FROM `js_user` [ RunTime:0.0025s ]
SQL: SELECT * FROM `js_user` WHERE ( 1=1 AND id='9' ) LIMIT 1   [ RunTime:0.0002s ]
SQL: SELECT * FROM `js_user` WHERE ( 1=1 AND id='8' ) LIMIT 1   [ RunTime:0.0003s ]
SQL: SELECT * FROM `js_user` WHERE ( 1=1 AND id='7' ) LIMIT 1   [ RunTime:0.0002s ]
SQL: SELECT * FROM `js_user` WHERE ( 1=1 AND id='6' ) LIMIT 1   [ RunTime:0.0002s ]
SQL: SELECT * FROM `js_user` WHERE ( 1=1 AND id='5' ) LIMIT 1   [ RunTime:0.0002s ]
SQL: SELECT * FROM `js_comment` WHERE `add_id` = 70 AND `is_add_comment` = 1 LIMIT 1   [ RunTime:0.0003s ]
SQL: SELECT * FROM `js_comment` WHERE `add_id` = 69 AND `is_add_comment` = 1 LIMIT 1   [ RunTime:0.0003s ]
SQL: SELECT * FROM `js_comment` WHERE `add_id` = 68 AND `is_add_comment` = 1 LIMIT 1   [ RunTime:0.0004s ]
SQL: SELECT * FROM `js_comment` WHERE `add_id` = 67 AND `is_add_comment` = 1 LIMIT 1   [ RunTime:0.0002s ]
SQL: SELECT * FROM `js_comment` WHERE `add_id` = 66 AND `is_add_comment` = 1 LIMIT 1   [ RunTime:0.0002s ]

