[ 2021-12-19T21:21:02+08:00 ] ::1 /api_for_study/index.php/Comment/getComments
INFO: [ app_init ] --START--
INFO: Run Behavior\BuildLiteBehavior [ RunTime:0.000018s ]
INFO: [ app_init ] --END-- [ RunTime:0.000314s ]
INFO: [ app_begin ] --START--
INFO: Run Behavior\ReadHtmlCacheBehavior [ RunTime:0.000404s ]
INFO: [ app_begin ] --END-- [ RunTime:0.000496s ]
SQL: SHOW COLUMNS FROM `js_comment` [ RunTime:0.0031s ]
SQL: SELECT COUNT(*) AS tp_count FROM `js_comment` WHERE `status` = 1 AND `is_add_comment` = 0 LIMIT 1   [ RunTime:0.0003s ]
SQL: SELECT COUNT(*) AS tp_count FROM `js_comment` WHERE `status` = 1 AND `is_add_comment` = 0 AND `star_num` = 1 LIMIT 1   [ RunTime:0.0004s ]
SQL: SELECT COUNT(*) AS tp_count FROM `js_comment` WHERE `status` = 1 AND `is_add_comment` = 0 AND ( `star_num` <= 4 AND `star_num` >= 2  ) LIMIT 1   [ RunTime:0.0003s ]
SQL: SELECT COUNT(*) AS tp_count FROM `js_comment` WHERE `status` = 1 AND `is_add_comment` = 0 AND ( `star_num` <= 4 AND `star_num` >= 2  ) LIMIT 1   [ RunTime:0.0006s ]
SQL: SELECT COUNT(*) AS tp_count FROM `js_comment` WHERE `status` = 1 AND `is_add_comment` = 0 AND ( `star_num` <= 4 AND `star_num` >= 2  ) LIMIT 1   [ RunTime:0.0005s ]
SQL: SELECT COUNT(*) AS tp_count FROM `js_comment` WHERE `status` = 1 AND `is_add_comment` = 0 AND `star_num` = 5 LIMIT 1   [ RunTime:0.0004s ]
SQL: SELECT COUNT(*) AS tp_count FROM `js_comment` WHERE `status` = 1 AND `is_add_comment` = 0 LIMIT 1   [ RunTime:0.0003s ]
SQL: SELECT * FROM `js_comment` WHERE `status` = 1 AND `is_add_comment` = 0 ORDER BY id desc LIMIT 0,5   [ RunTime:0.0005s ]
SQL: SHOW COLUMNS FROM `js_user` [ RunTime:0.0034s ]
SQL: SELECT * FROM `js_user` WHERE ( 1=1 AND id='20' ) LIMIT 1   [ RunTime:0.0003s ]
SQL: SELECT * FROM `js_user` WHERE ( 1=1 AND id='19' ) LIMIT 1   [ RunTime:0.0003s ]
SQL: SELECT * FROM `js_user` WHERE ( 1=1 AND id='18' ) LIMIT 1   [ RunTime:0.0002s ]
SQL: SELECT * FROM `js_user` WHERE ( 1=1 AND id='17' ) LIMIT 1   [ RunTime:0.0003s ]
SQL: SELECT * FROM `js_user` WHERE ( 1=1 AND id='16' ) LIMIT 1   [ RunTime:0.0003s ]
SQL: SELECT * FROM `js_comment` WHERE `add_id` = 48 AND `is_add_comment` = 1 LIMIT 1   [ RunTime:0.0004s ]
SQL: SELECT * FROM `js_comment` WHERE `add_id` = 47 AND `is_add_comment` = 1 LIMIT 1   [ RunTime:0.0003s ]
SQL: SELECT * FROM `js_comment` WHERE `add_id` = 46 AND `is_add_comment` = 1 LIMIT 1   [ RunTime:0.0003s ]
SQL: SELECT * FROM `js_comment` WHERE `add_id` = 45 AND `is_add_comment` = 1 LIMIT 1   [ RunTime:0.0004s ]
SQL: SELECT * FROM `js_comment` WHERE `add_id` = 44 AND `is_add_comment` = 1 LIMIT 1   [ RunTime:0.0004s ]

[ 2021-12-19T21:29:47+08:00 ] ::1 /api_for_study/index.php/Comment/getComments
INFO: [ app_init ] --START--
INFO: Run Behavior\BuildLiteBehavior [ RunTime:0.000030s ]
INFO: [ app_init ] --END-- [ RunTime:0.000505s ]
INFO: [ app_begin ] --START--
INFO: Run Behavior\ReadHtmlCacheBehavior [ RunTime:0.001038s ]
INFO: [ app_begin ] --END-- [ RunTime:0.001266s ]
SQL: SHOW COLUMNS FROM `js_comment` [ RunTime:0.0031s ]
SQL: SELECT COUNT(*) AS tp_count FROM `js_comment` WHERE `status` = 1 AND `is_add_comment` = 0 LIMIT 1   [ RunTime:0.0004s ]
SQL: SELECT COUNT(*) AS tp_count FROM `js_comment` WHERE `status` = 1 AND `is_add_comment` = 0 AND `star_num` = 1 LIMIT 1   [ RunTime:0.0003s ]
SQL: SELECT COUNT(*) AS tp_count FROM `js_comment` WHERE `status` = 1 AND `is_add_comment` = 0 AND ( `star_num` <= 4 AND `star_num` >= 2  ) LIMIT 1   [ RunTime:0.0008s ]
SQL: SELECT COUNT(*) AS tp_count FROM `js_comment` WHERE `status` = 1 AND `is_add_comment` = 0 AND ( `star_num` <= 4 AND `star_num` >= 2  ) LIMIT 1   [ RunTime:0.0004s ]
SQL: SELECT COUNT(*) AS tp_count FROM `js_comment` WHERE `status` = 1 AND `is_add_comment` = 0 AND ( `star_num` <= 4 AND `star_num` >= 2  ) LIMIT 1   [ RunTime:0.0003s ]
SQL: SELECT COUNT(*) AS tp_count FROM `js_comment` WHERE `status` = 1 AND `is_add_comment` = 0 AND `star_num` = 5 LIMIT 1   [ RunTime:0.0003s ]
SQL: SELECT COUNT(*) AS tp_count FROM `js_comment` WHERE `status` = 1 AND `is_add_comment` = 0 LIMIT 1   [ RunTime:0.0003s ]
SQL: SELECT * FROM `js_comment` WHERE `status` = 1 AND `is_add_comment` = 0 ORDER BY id desc LIMIT 0,5   [ RunTime:0.0003s ]
SQL: SHOW COLUMNS FROM `js_user` [ RunTime:0.0029s ]
SQL: SELECT * FROM `js_user` WHERE ( 1=1 AND id='20' ) LIMIT 1   [ RunTime:0.0004s ]
SQL: SELECT * FROM `js_user` WHERE ( 1=1 AND id='19' ) LIMIT 1   [ RunTime:0.0003s ]
SQL: SELECT * FROM `js_user` WHERE ( 1=1 AND id='18' ) LIMIT 1   [ RunTime:0.0004s ]
SQL: SELECT * FROM `js_user` WHERE ( 1=1 AND id='17' ) LIMIT 1   [ RunTime:0.0003s ]
SQL: SELECT * FROM `js_user` WHERE ( 1=1 AND id='16' ) LIMIT 1   [ RunTime:0.0003s ]
SQL: SELECT * FROM `js_comment` WHERE `add_id` = 48 AND `is_add_comment` = 1 LIMIT 1   [ RunTime:0.0005s ]
SQL: SELECT * FROM `js_comment` WHERE `add_id` = 47 AND `is_add_comment` = 1 LIMIT 1   [ RunTime:0.0003s ]
SQL: SELECT * FROM `js_comment` WHERE `add_id` = 46 AND `is_add_comment` = 1 LIMIT 1   [ RunTime:0.0003s ]
SQL: SELECT * FROM `js_comment` WHERE `add_id` = 45 AND `is_add_comment` = 1 LIMIT 1   [ RunTime:0.0003s ]
SQL: SELECT * FROM `js_comment` WHERE `add_id` = 44 AND `is_add_comment` = 1 LIMIT 1   [ RunTime:0.0003s ]

[ 2021-12-19T21:29:50+08:00 ] ::1 /api_for_study/index.php/Comment/getComments
INFO: [ app_init ] --START--
INFO: Run Behavior\BuildLiteBehavior [ RunTime:0.000021s ]
INFO: [ app_init ] --END-- [ RunTime:0.000339s ]
INFO: [ app_begin ] --START--
INFO: Run Behavior\ReadHtmlCacheBehavior [ RunTime:0.000470s ]
INFO: [ app_begin ] --END-- [ RunTime:0.000575s ]
SQL: SHOW COLUMNS FROM `js_comment` [ RunTime:0.0029s ]
SQL: SELECT COUNT(*) AS tp_count FROM `js_comment` WHERE `status` = 1 AND `is_add_comment` = 0 LIMIT 1   [ RunTime:0.0004s ]
SQL: SELECT COUNT(*) AS tp_count FROM `js_comment` WHERE `status` = 1 AND `is_add_comment` = 0 AND `star_num` = 1 LIMIT 1   [ RunTime:0.0003s ]
SQL: SELECT COUNT(*) AS tp_count FROM `js_comment` WHERE `status` = 1 AND `is_add_comment` = 0 AND ( `star_num` <= 4 AND `star_num` >= 2  ) LIMIT 1   [ RunTime:0.0003s ]
SQL: SELECT COUNT(*) AS tp_count FROM `js_comment` WHERE `status` = 1 AND `is_add_comment` = 0 AND ( `star_num` <= 4 AND `star_num` >= 2  ) LIMIT 1   [ RunTime:0.0003s ]
SQL: SELECT COUNT(*) AS tp_count FROM `js_comment` WHERE `status` = 1 AND `is_add_comment` = 0 AND ( `star_num` <= 4 AND `star_num` >= 2  ) LIMIT 1   [ RunTime:0.0003s ]
SQL: SELECT COUNT(*) AS tp_count FROM `js_comment` WHERE `status` = 1 AND `is_add_comment` = 0 AND `star_num` = 5 LIMIT 1   [ RunTime:0.0003s ]
SQL: SELECT COUNT(*) AS tp_count FROM `js_comment` WHERE `status` = 1 AND `is_add_comment` = 0 LIMIT 1   [ RunTime:0.0003s ]
SQL: SELECT * FROM `js_comment` WHERE `status` = 1 AND `is_add_comment` = 0 ORDER BY id desc LIMIT 10,5   [ RunTime:0.0004s ]
SQL: SHOW COLUMNS FROM `js_user` [ RunTime:0.0032s ]
SQL: SELECT * FROM `js_user` WHERE ( 1=1 AND id='10' ) LIMIT 1   [ RunTime:0.0004s ]
SQL: SELECT * FROM `js_user` WHERE ( 1=1 AND id='9' ) LIMIT 1   [ RunTime:0.0005s ]
SQL: SELECT * FROM `js_user` WHERE ( 1=1 AND id='8' ) LIMIT 1   [ RunTime:0.0004s ]
SQL: SELECT * FROM `js_user` WHERE ( 1=1 AND id='7' ) LIMIT 1   [ RunTime:0.0004s ]
SQL: SELECT * FROM `js_user` WHERE ( 1=1 AND id='6' ) LIMIT 1   [ RunTime:0.0004s ]
SQL: SELECT * FROM `js_comment` WHERE `add_id` = 38 AND `is_add_comment` = 1 LIMIT 1   [ RunTime:0.0003s ]
SQL: SELECT * FROM `js_comment` WHERE `add_id` = 37 AND `is_add_comment` = 1 LIMIT 1   [ RunTime:0.0003s ]
SQL: SELECT * FROM `js_comment` WHERE `add_id` = 36 AND `is_add_comment` = 1 LIMIT 1   [ RunTime:0.0003s ]
SQL: SELECT * FROM `js_comment` WHERE `add_id` = 35 AND `is_add_comment` = 1 LIMIT 1   [ RunTime:0.0002s ]
SQL: SELECT * FROM `js_comment` WHERE `add_id` = 34 AND `is_add_comment` = 1 LIMIT 1   [ RunTime:0.0002s ]

[ 2021-12-19T21:29:53+08:00 ] ::1 /api_for_study/index.php/Comment/getComments
INFO: [ app_init ] --START--
INFO: Run Behavior\BuildLiteBehavior [ RunTime:0.000055s ]
INFO: [ app_init ] --END-- [ RunTime:0.000471s ]
INFO: [ app_begin ] --START--
INFO: Run Behavior\ReadHtmlCacheBehavior [ RunTime:0.000394s ]
INFO: [ app_begin ] --END-- [ RunTime:0.000484s ]
SQL: SHOW COLUMNS FROM `js_comment` [ RunTime:0.0032s ]
SQL: SELECT COUNT(*) AS tp_count FROM `js_comment` WHERE `status` = 1 AND `is_add_comment` = 0 LIMIT 1   [ RunTime:0.0002s ]
SQL: SELECT COUNT(*) AS tp_count FROM `js_comment` WHERE `status` = 1 AND `is_add_comment` = 0 AND `star_num` = 1 LIMIT 1   [ RunTime:0.0002s ]
SQL: SELECT COUNT(*) AS tp_count FROM `js_comment` WHERE `status` = 1 AND `is_add_comment` = 0 AND ( `star_num` <= 4 AND `star_num` >= 2  ) LIMIT 1   [ RunTime:0.0002s ]
SQL: SELECT COUNT(*) AS tp_count FROM `js_comment` WHERE `status` = 1 AND `is_add_comment` = 0 AND ( `star_num` <= 4 AND `star_num` >= 2  ) LIMIT 1   [ RunTime:0.0002s ]
SQL: SELECT COUNT(*) AS tp_count FROM `js_comment` WHERE `status` = 1 AND `is_add_comment` = 0 AND ( `star_num` <= 4 AND `star_num` >= 2  ) LIMIT 1   [ RunTime:0.0002s ]
SQL: SELECT COUNT(*) AS tp_count FROM `js_comment` WHERE `status` = 1 AND `is_add_comment` = 0 AND `star_num` = 5 LIMIT 1   [ RunTime:0.0002s ]
SQL: SELECT COUNT(*) AS tp_count FROM `js_comment` WHERE `status` = 1 AND `is_add_comment` = 0 LIMIT 1   [ RunTime:0.0002s ]
SQL: SELECT * FROM `js_comment` WHERE `status` = 1 AND `is_add_comment` = 0 ORDER BY id desc LIMIT 15,5   [ RunTime:0.0002s ]
SQL: SHOW COLUMNS FROM `js_user` [ RunTime:0.0021s ]
SQL: SELECT * FROM `js_user` WHERE ( 1=1 AND id='5' ) LIMIT 1   [ RunTime:0.0002s ]
SQL: SELECT * FROM `js_user` WHERE ( 1=1 AND id='4' ) LIMIT 1   [ RunTime:0.0002s ]
SQL: SELECT * FROM `js_user` WHERE ( 1=1 AND id='3' ) LIMIT 1   [ RunTime:0.0002s ]
SQL: SELECT * FROM `js_user` WHERE ( 1=1 AND id='2' ) LIMIT 1   [ RunTime:0.0002s ]
SQL: SELECT * FROM `js_user` WHERE ( 1=1 AND id='1' ) LIMIT 1   [ RunTime:0.0002s ]
SQL: SELECT * FROM `js_comment` WHERE `add_id` = 32 AND `is_add_comment` = 1 LIMIT 1   [ RunTime:0.0002s ]
SQL: SELECT * FROM `js_comment` WHERE `add_id` = 30 AND `is_add_comment` = 1 LIMIT 1   [ RunTime:0.0002s ]
SQL: SELECT * FROM `js_comment` WHERE `add_id` = 28 AND `is_add_comment` = 1 LIMIT 1   [ RunTime:0.0002s ]
SQL: SELECT * FROM `js_comment` WHERE `add_id` = 26 AND `is_add_comment` = 1 LIMIT 1   [ RunTime:0.0002s ]
SQL: SELECT * FROM `js_comment` WHERE `add_id` = 24 AND `is_add_comment` = 1 LIMIT 1   [ RunTime:0.0003s ]

[ 2021-12-19T21:29:55+08:00 ] ::1 /api_for_study/index.php/Comment/getComments
INFO: [ app_init ] --START--
INFO: Run Behavior\BuildLiteBehavior [ RunTime:0.000017s ]
INFO: [ app_init ] --END-- [ RunTime:0.000286s ]
INFO: [ app_begin ] --START--
INFO: Run Behavior\ReadHtmlCacheBehavior [ RunTime:0.000391s ]
INFO: [ app_begin ] --END-- [ RunTime:0.000481s ]
SQL: SHOW COLUMNS FROM `js_comment` [ RunTime:0.0039s ]
SQL: SELECT COUNT(*) AS tp_count FROM `js_comment` WHERE `status` = 1 AND `is_add_comment` = 0 LIMIT 1   [ RunTime:0.0004s ]
SQL: SELECT COUNT(*) AS tp_count FROM `js_comment` WHERE `status` = 1 AND `is_add_comment` = 0 AND `star_num` = 1 LIMIT 1   [ RunTime:0.0004s ]
SQL: SELECT COUNT(*) AS tp_count FROM `js_comment` WHERE `status` = 1 AND `is_add_comment` = 0 AND ( `star_num` <= 4 AND `star_num` >= 2  ) LIMIT 1   [ RunTime:0.0003s ]
SQL: SELECT COUNT(*) AS tp_count FROM `js_comment` WHERE `status` = 1 AND `is_add_comment` = 0 AND ( `star_num` <= 4 AND `star_num` >= 2  ) LIMIT 1   [ RunTime:0.0003s ]
SQL: SELECT COUNT(*) AS tp_count FROM `js_comment` WHERE `status` = 1 AND `is_add_comment` = 0 AND ( `star_num` <= 4 AND `star_num` >= 2  ) LIMIT 1   [ RunTime:0.0003s ]
SQL: SELECT COUNT(*) AS tp_count FROM `js_comment` WHERE `status` = 1 AND `is_add_comment` = 0 AND `star_num` = 5 LIMIT 1   [ RunTime:0.0003s ]
SQL: SELECT COUNT(*) AS tp_count FROM `js_comment` WHERE `status` = 1 AND `is_add_comment` = 0 LIMIT 1   [ RunTime:0.0003s ]
SQL: SELECT * FROM `js_comment` WHERE `status` = 1 AND `is_add_comment` = 0 ORDER BY id desc LIMIT 5,5   [ RunTime:0.0003s ]
SQL: SHOW COLUMNS FROM `js_user` [ RunTime:0.0024s ]
SQL: SELECT * FROM `js_user` WHERE ( 1=1 AND id='15' ) LIMIT 1   [ RunTime:0.0003s ]
SQL: SELECT * FROM `js_user` WHERE ( 1=1 AND id='14' ) LIMIT 1   [ RunTime:0.0002s ]
SQL: SELECT * FROM `js_user` WHERE ( 1=1 AND id='13' ) LIMIT 1   [ RunTime:0.0002s ]
SQL: SELECT * FROM `js_user` WHERE ( 1=1 AND id='12' ) LIMIT 1   [ RunTime:0.0002s ]
SQL: SELECT * FROM `js_user` WHERE ( 1=1 AND id='11' ) LIMIT 1   [ RunTime:0.0004s ]
SQL: SELECT * FROM `js_comment` WHERE `add_id` = 43 AND `is_add_comment` = 1 LIMIT 1   [ RunTime:0.0003s ]
SQL: SELECT * FROM `js_comment` WHERE `add_id` = 42 AND `is_add_comment` = 1 LIMIT 1   [ RunTime:0.0002s ]
SQL: SELECT * FROM `js_comment` WHERE `add_id` = 41 AND `is_add_comment` = 1 LIMIT 1   [ RunTime:0.0002s ]
SQL: SELECT * FROM `js_comment` WHERE `add_id` = 40 AND `is_add_comment` = 1 LIMIT 1   [ RunTime:0.0002s ]
SQL: SELECT * FROM `js_comment` WHERE `add_id` = 39 AND `is_add_comment` = 1 LIMIT 1   [ RunTime:0.0002s ]

[ 2021-12-19T21:29:57+08:00 ] ::1 /api_for_study/index.php/Comment/getComments
INFO: [ app_init ] --START--
INFO: Run Behavior\BuildLiteBehavior [ RunTime:0.000020s ]
INFO: [ app_init ] --END-- [ RunTime:0.000337s ]
INFO: [ app_begin ] --START--
INFO: Run Behavior\ReadHtmlCacheBehavior [ RunTime:0.000448s ]
INFO: [ app_begin ] --END-- [ RunTime:0.000546s ]
SQL: SHOW COLUMNS FROM `js_comment` [ RunTime:0.0029s ]
SQL: SELECT COUNT(*) AS tp_count FROM `js_comment` WHERE `status` = 1 AND `is_add_comment` = 0 LIMIT 1   [ RunTime:0.0007s ]
SQL: SELECT COUNT(*) AS tp_count FROM `js_comment` WHERE `status` = 1 AND `is_add_comment` = 0 AND `star_num` = 1 LIMIT 1   [ RunTime:0.0003s ]
SQL: SELECT COUNT(*) AS tp_count FROM `js_comment` WHERE `status` = 1 AND `is_add_comment` = 0 AND ( `star_num` <= 4 AND `star_num` >= 2  ) LIMIT 1   [ RunTime:0.0002s ]
SQL: SELECT COUNT(*) AS tp_count FROM `js_comment` WHERE `status` = 1 AND `is_add_comment` = 0 AND ( `star_num` <= 4 AND `star_num` >= 2  ) LIMIT 1   [ RunTime:0.0002s ]
SQL: SELECT COUNT(*) AS tp_count FROM `js_comment` WHERE `status` = 1 AND `is_add_comment` = 0 AND ( `star_num` <= 4 AND `star_num` >= 2  ) LIMIT 1   [ RunTime:0.0002s ]
SQL: SELECT COUNT(*) AS tp_count FROM `js_comment` WHERE `status` = 1 AND `is_add_comment` = 0 AND `star_num` = 5 LIMIT 1   [ RunTime:0.0002s ]
SQL: SELECT COUNT(*) AS tp_count FROM `js_comment` WHERE `status` = 1 AND `is_add_comment` = 0 LIMIT 1   [ RunTime:0.0002s ]
SQL: SELECT * FROM `js_comment` WHERE `status` = 1 AND `is_add_comment` = 0 ORDER BY id desc LIMIT 10,5   [ RunTime:0.0002s ]
SQL: SHOW COLUMNS FROM `js_user` [ RunTime:0.0035s ]
SQL: SELECT * FROM `js_user` WHERE ( 1=1 AND id='10' ) LIMIT 1   [ RunTime:0.0003s ]
SQL: SELECT * FROM `js_user` WHERE ( 1=1 AND id='9' ) LIMIT 1   [ RunTime:0.0004s ]
SQL: SELECT * FROM `js_user` WHERE ( 1=1 AND id='8' ) LIMIT 1   [ RunTime:0.0004s ]
SQL: SELECT * FROM `js_user` WHERE ( 1=1 AND id='7' ) LIMIT 1   [ RunTime:0.0004s ]
SQL: SELECT * FROM `js_user` WHERE ( 1=1 AND id='6' ) LIMIT 1   [ RunTime:0.0002s ]
SQL: SELECT * FROM `js_comment` WHERE `add_id` = 38 AND `is_add_comment` = 1 LIMIT 1   [ RunTime:0.0002s ]
SQL: SELECT * FROM `js_comment` WHERE `add_id` = 37 AND `is_add_comment` = 1 LIMIT 1   [ RunTime:0.0002s ]
SQL: SELECT * FROM `js_comment` WHERE `add_id` = 36 AND `is_add_comment` = 1 LIMIT 1   [ RunTime:0.0002s ]
SQL: SELECT * FROM `js_comment` WHERE `add_id` = 35 AND `is_add_comment` = 1 LIMIT 1   [ RunTime:0.0002s ]
SQL: SELECT * FROM `js_comment` WHERE `add_id` = 34 AND `is_add_comment` = 1 LIMIT 1   [ RunTime:0.0002s ]

[ 2021-12-19T21:31:10+08:00 ] ::1 /api_for_study/index.php/Comment/submitComment
INFO: [ app_init ] --START--
INFO: Run Behavior\BuildLiteBehavior [ RunTime:0.000021s ]
INFO: [ app_init ] --END-- [ RunTime:0.000374s ]
INFO: [ app_begin ] --START--
INFO: Run Behavior\ReadHtmlCacheBehavior [ RunTime:0.000504s ]
INFO: [ app_begin ] --END-- [ RunTime:0.000605s ]
SQL: SHOW COLUMNS FROM `js_comment` [ RunTime:0.0031s ]
SQL: SELECT COUNT(*) AS tp_count FROM `js_comment` WHERE `user_id` = 14 LIMIT 1   [ RunTime:0.0003s ]

[ 2021-12-19T21:31:20+08:00 ] ::1 /api_for_study/index.php/Comment/getComments
INFO: [ app_init ] --START--
INFO: Run Behavior\BuildLiteBehavior [ RunTime:0.000019s ]
INFO: [ app_init ] --END-- [ RunTime:0.000326s ]
INFO: [ app_begin ] --START--
INFO: Run Behavior\ReadHtmlCacheBehavior [ RunTime:0.001315s ]
INFO: [ app_begin ] --END-- [ RunTime:0.001462s ]
SQL: SHOW COLUMNS FROM `js_comment` [ RunTime:0.0106s ]
SQL: SELECT COUNT(*) AS tp_count FROM `js_comment` WHERE `status` = 1 AND `is_add_comment` = 0 LIMIT 1   [ RunTime:0.0004s ]
SQL: SELECT COUNT(*) AS tp_count FROM `js_comment` WHERE `status` = 1 AND `is_add_comment` = 0 AND `star_num` = 1 LIMIT 1   [ RunTime:0.0003s ]
SQL: SELECT COUNT(*) AS tp_count FROM `js_comment` WHERE `status` = 1 AND `is_add_comment` = 0 AND ( `star_num` <= 4 AND `star_num` >= 2  ) LIMIT 1   [ RunTime:0.0004s ]
SQL: SELECT COUNT(*) AS tp_count FROM `js_comment` WHERE `status` = 1 AND `is_add_comment` = 0 AND ( `star_num` <= 4 AND `star_num` >= 2  ) LIMIT 1   [ RunTime:0.0004s ]
SQL: SELECT COUNT(*) AS tp_count FROM `js_comment` WHERE `status` = 1 AND `is_add_comment` = 0 AND ( `star_num` <= 4 AND `star_num` >= 2  ) LIMIT 1   [ RunTime:0.0007s ]
SQL: SELECT COUNT(*) AS tp_count FROM `js_comment` WHERE `status` = 1 AND `is_add_comment` = 0 AND `star_num` = 5 LIMIT 1   [ RunTime:0.0004s ]
SQL: SELECT COUNT(*) AS tp_count FROM `js_comment` WHERE `status` = 1 AND `is_add_comment` = 0 LIMIT 1   [ RunTime:0.0003s ]
SQL: SELECT * FROM `js_comment` WHERE `status` = 1 AND `is_add_comment` = 0 ORDER BY id desc LIMIT 0,5   [ RunTime:0.0004s ]
SQL: SHOW COLUMNS FROM `js_user` [ RunTime:0.0038s ]
SQL: SELECT * FROM `js_user` WHERE ( 1=1 AND id='20' ) LIMIT 1   [ RunTime:0.0004s ]
SQL: SELECT * FROM `js_user` WHERE ( 1=1 AND id='19' ) LIMIT 1   [ RunTime:0.0003s ]
SQL: SELECT * FROM `js_user` WHERE ( 1=1 AND id='18' ) LIMIT 1   [ RunTime:0.0002s ]
SQL: SELECT * FROM `js_user` WHERE ( 1=1 AND id='17' ) LIMIT 1   [ RunTime:0.0003s ]
SQL: SELECT * FROM `js_user` WHERE ( 1=1 AND id='16' ) LIMIT 1   [ RunTime:0.0003s ]
SQL: SELECT * FROM `js_comment` WHERE `add_id` = 48 AND `is_add_comment` = 1 LIMIT 1   [ RunTime:0.0003s ]
SQL: SELECT * FROM `js_comment` WHERE `add_id` = 47 AND `is_add_comment` = 1 LIMIT 1   [ RunTime:0.0003s ]
SQL: SELECT * FROM `js_comment` WHERE `add_id` = 46 AND `is_add_comment` = 1 LIMIT 1   [ RunTime:0.0004s ]
SQL: SELECT * FROM `js_comment` WHERE `add_id` = 45 AND `is_add_comment` = 1 LIMIT 1   [ RunTime:0.0003s ]
SQL: SELECT * FROM `js_comment` WHERE `add_id` = 44 AND `is_add_comment` = 1 LIMIT 1   [ RunTime:0.0003s ]

[ 2021-12-19T21:31:22+08:00 ] ::1 /api_for_study/index.php/Comment/getComments
INFO: [ app_init ] --START--
INFO: Run Behavior\BuildLiteBehavior [ RunTime:0.000019s ]
INFO: [ app_init ] --END-- [ RunTime:0.000315s ]
INFO: [ app_begin ] --START--
INFO: Run Behavior\ReadHtmlCacheBehavior [ RunTime:0.000397s ]
INFO: [ app_begin ] --END-- [ RunTime:0.000546s ]
SQL: SHOW COLUMNS FROM `js_comment` [ RunTime:0.0115s ]
SQL: SELECT COUNT(*) AS tp_count FROM `js_comment` WHERE `status` = 1 AND `is_add_comment` = 0 LIMIT 1   [ RunTime:0.0005s ]
SQL: SELECT COUNT(*) AS tp_count FROM `js_comment` WHERE `status` = 1 AND `is_add_comment` = 0 AND `star_num` = 1 LIMIT 1   [ RunTime:0.0004s ]
SQL: SELECT COUNT(*) AS tp_count FROM `js_comment` WHERE `status` = 1 AND `is_add_comment` = 0 AND ( `star_num` <= 4 AND `star_num` >= 2  ) LIMIT 1   [ RunTime:0.0004s ]
SQL: SELECT COUNT(*) AS tp_count FROM `js_comment` WHERE `status` = 1 AND `is_add_comment` = 0 AND ( `star_num` <= 4 AND `star_num` >= 2  ) LIMIT 1   [ RunTime:0.0003s ]
SQL: SELECT COUNT(*) AS tp_count FROM `js_comment` WHERE `status` = 1 AND `is_add_comment` = 0 AND ( `star_num` <= 4 AND `star_num` >= 2  ) LIMIT 1   [ RunTime:0.0004s ]
SQL: SELECT COUNT(*) AS tp_count FROM `js_comment` WHERE `status` = 1 AND `is_add_comment` = 0 AND `star_num` = 5 LIMIT 1   [ RunTime:0.0003s ]
SQL: SELECT COUNT(*) AS tp_count FROM `js_comment` WHERE `status` = 1 AND `is_add_comment` = 0 LIMIT 1   [ RunTime:0.0002s ]
SQL: SELECT * FROM `js_comment` WHERE `status` = 1 AND `is_add_comment` = 0 ORDER BY id desc LIMIT 15,5   [ RunTime:0.0003s ]
SQL: SHOW COLUMNS FROM `js_user` [ RunTime:0.0022s ]
SQL: SELECT * FROM `js_user` WHERE ( 1=1 AND id='5' ) LIMIT 1   [ RunTime:0.0003s ]
SQL: SELECT * FROM `js_user` WHERE ( 1=1 AND id='4' ) LIMIT 1   [ RunTime:0.0002s ]
SQL: SELECT * FROM `js_user` WHERE ( 1=1 AND id='3' ) LIMIT 1   [ RunTime:0.0003s ]
SQL: SELECT * FROM `js_user` WHERE ( 1=1 AND id='2' ) LIMIT 1   [ RunTime:0.0005s ]
SQL: SELECT * FROM `js_user` WHERE ( 1=1 AND id='1' ) LIMIT 1   [ RunTime:0.0005s ]
SQL: SELECT * FROM `js_comment` WHERE `add_id` = 32 AND `is_add_comment` = 1 LIMIT 1   [ RunTime:0.0002s ]
SQL: SELECT * FROM `js_comment` WHERE `add_id` = 30 AND `is_add_comment` = 1 LIMIT 1   [ RunTime:0.0003s ]
SQL: SELECT * FROM `js_comment` WHERE `add_id` = 28 AND `is_add_comment` = 1 LIMIT 1   [ RunTime:0.0005s ]
SQL: SELECT * FROM `js_comment` WHERE `add_id` = 26 AND `is_add_comment` = 1 LIMIT 1   [ RunTime:0.0002s ]
SQL: SELECT * FROM `js_comment` WHERE `add_id` = 24 AND `is_add_comment` = 1 LIMIT 1   [ RunTime:0.0002s ]

[ 2021-12-19T21:31:28+08:00 ] ::1 /api_for_study/index.php/Comment/getComments
INFO: [ app_init ] --START--
INFO: Run Behavior\BuildLiteBehavior [ RunTime:0.000024s ]
INFO: [ app_init ] --END-- [ RunTime:0.000454s ]
INFO: [ app_begin ] --START--
INFO: Run Behavior\ReadHtmlCacheBehavior [ RunTime:0.000383s ]
INFO: [ app_begin ] --END-- [ RunTime:0.000471s ]
SQL: SHOW COLUMNS FROM `js_comment` [ RunTime:0.0111s ]
SQL: SELECT COUNT(*) AS tp_count FROM `js_comment` WHERE `status` = 1 AND `is_add_comment` = 0 LIMIT 1   [ RunTime:0.0004s ]
SQL: SELECT COUNT(*) AS tp_count FROM `js_comment` WHERE `status` = 1 AND `is_add_comment` = 0 AND `star_num` = 1 LIMIT 1   [ RunTime:0.0003s ]
SQL: SELECT COUNT(*) AS tp_count FROM `js_comment` WHERE `status` = 1 AND `is_add_comment` = 0 AND ( `star_num` <= 4 AND `star_num` >= 2  ) LIMIT 1   [ RunTime:0.0003s ]
SQL: SELECT COUNT(*) AS tp_count FROM `js_comment` WHERE `status` = 1 AND `is_add_comment` = 0 AND ( `star_num` <= 4 AND `star_num` >= 2  ) LIMIT 1   [ RunTime:0.0003s ]
SQL: SELECT COUNT(*) AS tp_count FROM `js_comment` WHERE `status` = 1 AND `is_add_comment` = 0 AND ( `star_num` <= 4 AND `star_num` >= 2  ) LIMIT 1   [ RunTime:0.0003s ]
SQL: SELECT COUNT(*) AS tp_count FROM `js_comment` WHERE `status` = 1 AND `is_add_comment` = 0 AND `star_num` = 5 LIMIT 1   [ RunTime:0.0002s ]
SQL: SELECT COUNT(*) AS tp_count FROM `js_comment` WHERE `status` = 1 AND `is_add_comment` = 0 LIMIT 1   [ RunTime:0.0002s ]
SQL: SELECT * FROM `js_comment` WHERE `status` = 1 AND `is_add_comment` = 0 ORDER BY id desc LIMIT 10,5   [ RunTime:0.0002s ]
SQL: SHOW COLUMNS FROM `js_user` [ RunTime:0.0022s ]
SQL: SELECT * FROM `js_user` WHERE ( 1=1 AND id='10' ) LIMIT 1   [ RunTime:0.0002s ]
SQL: SELECT * FROM `js_user` WHERE ( 1=1 AND id='9' ) LIMIT 1   [ RunTime:0.0002s ]
SQL: SELECT * FROM `js_user` WHERE ( 1=1 AND id='8' ) LIMIT 1   [ RunTime:0.0002s ]
SQL: SELECT * FROM `js_user` WHERE ( 1=1 AND id='7' ) LIMIT 1   [ RunTime:0.0002s ]
SQL: SELECT * FROM `js_user` WHERE ( 1=1 AND id='6' ) LIMIT 1   [ RunTime:0.0002s ]
SQL: SELECT * FROM `js_comment` WHERE `add_id` = 38 AND `is_add_comment` = 1 LIMIT 1   [ RunTime:0.0002s ]
SQL: SELECT * FROM `js_comment` WHERE `add_id` = 37 AND `is_add_comment` = 1 LIMIT 1   [ RunTime:0.0002s ]
SQL: SELECT * FROM `js_comment` WHERE `add_id` = 36 AND `is_add_comment` = 1 LIMIT 1   [ RunTime:0.0002s ]
SQL: SELECT * FROM `js_comment` WHERE `add_id` = 35 AND `is_add_comment` = 1 LIMIT 1   [ RunTime:0.0002s ]
SQL: SELECT * FROM `js_comment` WHERE `add_id` = 34 AND `is_add_comment` = 1 LIMIT 1   [ RunTime:0.0003s ]

[ 2021-12-19T21:31:31+08:00 ] ::1 /api_for_study/index.php/Comment/getComments
INFO: [ app_init ] --START--
INFO: Run Behavior\BuildLiteBehavior [ RunTime:0.000020s ]
INFO: [ app_init ] --END-- [ RunTime:0.000326s ]
INFO: [ app_begin ] --START--
INFO: Run Behavior\ReadHtmlCacheBehavior [ RunTime:0.000427s ]
INFO: [ app_begin ] --END-- [ RunTime:0.000523s ]
SQL: SHOW COLUMNS FROM `js_comment` [ RunTime:0.0111s ]
SQL: SELECT COUNT(*) AS tp_count FROM `js_comment` WHERE `status` = 1 AND `is_add_comment` = 0 LIMIT 1   [ RunTime:0.0005s ]
SQL: SELECT COUNT(*) AS tp_count FROM `js_comment` WHERE `status` = 1 AND `is_add_comment` = 0 AND `star_num` = 1 LIMIT 1   [ RunTime:0.0003s ]
SQL: SELECT COUNT(*) AS tp_count FROM `js_comment` WHERE `status` = 1 AND `is_add_comment` = 0 AND ( `star_num` <= 4 AND `star_num` >= 2  ) LIMIT 1   [ RunTime:0.0003s ]
SQL: SELECT COUNT(*) AS tp_count FROM `js_comment` WHERE `status` = 1 AND `is_add_comment` = 0 AND ( `star_num` <= 4 AND `star_num` >= 2  ) LIMIT 1   [ RunTime:0.0003s ]
SQL: SELECT COUNT(*) AS tp_count FROM `js_comment` WHERE `status` = 1 AND `is_add_comment` = 0 AND ( `star_num` <= 4 AND `star_num` >= 2  ) LIMIT 1   [ RunTime:0.0003s ]
SQL: SELECT COUNT(*) AS tp_count FROM `js_comment` WHERE `status` = 1 AND `is_add_comment` = 0 AND `star_num` = 5 LIMIT 1   [ RunTime:0.0003s ]
SQL: SELECT COUNT(*) AS tp_count FROM `js_comment` WHERE `status` = 1 AND `is_add_comment` = 0 LIMIT 1   [ RunTime:0.0003s ]
SQL: SELECT * FROM `js_comment` WHERE `status` = 1 AND `is_add_comment` = 0 ORDER BY id desc LIMIT 5,5   [ RunTime:0.0003s ]
SQL: SHOW COLUMNS FROM `js_user` [ RunTime:0.0027s ]
SQL: SELECT * FROM `js_user` WHERE ( 1=1 AND id='15' ) LIMIT 1   [ RunTime:0.0003s ]
SQL: SELECT * FROM `js_user` WHERE ( 1=1 AND id='14' ) LIMIT 1   [ RunTime:0.0003s ]
SQL: SELECT * FROM `js_user` WHERE ( 1=1 AND id='13' ) LIMIT 1   [ RunTime:0.0002s ]
SQL: SELECT * FROM `js_user` WHERE ( 1=1 AND id='12' ) LIMIT 1   [ RunTime:0.0002s ]
SQL: SELECT * FROM `js_user` WHERE ( 1=1 AND id='11' ) LIMIT 1   [ RunTime:0.0002s ]
SQL: SELECT * FROM `js_comment` WHERE `add_id` = 43 AND `is_add_comment` = 1 LIMIT 1   [ RunTime:0.0002s ]
SQL: SELECT * FROM `js_comment` WHERE `add_id` = 42 AND `is_add_comment` = 1 LIMIT 1   [ RunTime:0.0002s ]
SQL: SELECT * FROM `js_comment` WHERE `add_id` = 41 AND `is_add_comment` = 1 LIMIT 1   [ RunTime:0.0005s ]
SQL: SELECT * FROM `js_comment` WHERE `add_id` = 40 AND `is_add_comment` = 1 LIMIT 1   [ RunTime:0.0005s ]
SQL: SELECT * FROM `js_comment` WHERE `add_id` = 39 AND `is_add_comment` = 1 LIMIT 1   [ RunTime:0.0003s ]

[ 2021-12-19T21:31:34+08:00 ] ::1 /api_for_study/index.php/Comment/getComments
INFO: [ app_init ] --START--
INFO: Run Behavior\BuildLiteBehavior [ RunTime:0.000022s ]
INFO: [ app_init ] --END-- [ RunTime:0.000348s ]
INFO: [ app_begin ] --START--
INFO: Run Behavior\ReadHtmlCacheBehavior [ RunTime:0.000431s ]
INFO: [ app_begin ] --END-- [ RunTime:0.000527s ]
SQL: SHOW COLUMNS FROM `js_comment` [ RunTime:0.0033s ]
SQL: SELECT COUNT(*) AS tp_count FROM `js_comment` WHERE `status` = 1 AND `is_add_comment` = 0 LIMIT 1   [ RunTime:0.0003s ]
SQL: SELECT COUNT(*) AS tp_count FROM `js_comment` WHERE `status` = 1 AND `is_add_comment` = 0 AND `star_num` = 1 LIMIT 1   [ RunTime:0.0002s ]
SQL: SELECT COUNT(*) AS tp_count FROM `js_comment` WHERE `status` = 1 AND `is_add_comment` = 0 AND ( `star_num` <= 4 AND `star_num` >= 2  ) LIMIT 1   [ RunTime:0.0002s ]
SQL: SELECT COUNT(*) AS tp_count FROM `js_comment` WHERE `status` = 1 AND `is_add_comment` = 0 AND ( `star_num` <= 4 AND `star_num` >= 2  ) LIMIT 1   [ RunTime:0.0002s ]
SQL: SELECT COUNT(*) AS tp_count FROM `js_comment` WHERE `status` = 1 AND `is_add_comment` = 0 AND ( `star_num` <= 4 AND `star_num` >= 2  ) LIMIT 1   [ RunTime:0.0002s ]
SQL: SELECT COUNT(*) AS tp_count FROM `js_comment` WHERE `status` = 1 AND `is_add_comment` = 0 AND `star_num` = 5 LIMIT 1   [ RunTime:0.0002s ]
SQL: SELECT COUNT(*) AS tp_count FROM `js_comment` WHERE `status` = 1 AND `is_add_comment` = 0 LIMIT 1   [ RunTime:0.0003s ]
SQL: SELECT * FROM `js_comment` WHERE `status` = 1 AND `is_add_comment` = 0 ORDER BY id desc LIMIT 0,5   [ RunTime:0.0002s ]
SQL: SHOW COLUMNS FROM `js_user` [ RunTime:0.0021s ]
SQL: SELECT * FROM `js_user` WHERE ( 1=1 AND id='20' ) LIMIT 1   [ RunTime:0.0002s ]
SQL: SELECT * FROM `js_user` WHERE ( 1=1 AND id='19' ) LIMIT 1   [ RunTime:0.0003s ]
SQL: SELECT * FROM `js_user` WHERE ( 1=1 AND id='18' ) LIMIT 1   [ RunTime:0.0002s ]
SQL: SELECT * FROM `js_user` WHERE ( 1=1 AND id='17' ) LIMIT 1   [ RunTime:0.0002s ]
SQL: SELECT * FROM `js_user` WHERE ( 1=1 AND id='16' ) LIMIT 1   [ RunTime:0.0002s ]
SQL: SELECT * FROM `js_comment` WHERE `add_id` = 48 AND `is_add_comment` = 1 LIMIT 1   [ RunTime:0.0002s ]
SQL: SELECT * FROM `js_comment` WHERE `add_id` = 47 AND `is_add_comment` = 1 LIMIT 1   [ RunTime:0.0002s ]
SQL: SELECT * FROM `js_comment` WHERE `add_id` = 46 AND `is_add_comment` = 1 LIMIT 1   [ RunTime:0.0003s ]
SQL: SELECT * FROM `js_comment` WHERE `add_id` = 45 AND `is_add_comment` = 1 LIMIT 1   [ RunTime:0.0006s ]
SQL: SELECT * FROM `js_comment` WHERE `add_id` = 44 AND `is_add_comment` = 1 LIMIT 1   [ RunTime:0.0003s ]

[ 2021-12-19T21:31:38+08:00 ] ::1 /api_for_study/index.php/Comment/getComments
INFO: [ app_init ] --START--
INFO: Run Behavior\BuildLiteBehavior [ RunTime:0.000020s ]
INFO: [ app_init ] --END-- [ RunTime:0.000402s ]
INFO: [ app_begin ] --START--
INFO: Run Behavior\ReadHtmlCacheBehavior [ RunTime:0.001354s ]
INFO: [ app_begin ] --END-- [ RunTime:0.001482s ]
SQL: SHOW COLUMNS FROM `js_comment` [ RunTime:0.0027s ]
SQL: SELECT COUNT(*) AS tp_count FROM `js_comment` WHERE `status` = 1 AND `is_add_comment` = 0 LIMIT 1   [ RunTime:0.0007s ]
SQL: SELECT COUNT(*) AS tp_count FROM `js_comment` WHERE `status` = 1 AND `is_add_comment` = 0 AND `star_num` = 1 LIMIT 1   [ RunTime:0.0004s ]
SQL: SELECT COUNT(*) AS tp_count FROM `js_comment` WHERE `status` = 1 AND `is_add_comment` = 0 AND ( `star_num` <= 4 AND `star_num` >= 2  ) LIMIT 1   [ RunTime:0.0004s ]
SQL: SELECT COUNT(*) AS tp_count FROM `js_comment` WHERE `status` = 1 AND `is_add_comment` = 0 AND ( `star_num` <= 4 AND `star_num` >= 2  ) LIMIT 1   [ RunTime:0.0004s ]
SQL: SELECT COUNT(*) AS tp_count FROM `js_comment` WHERE `status` = 1 AND `is_add_comment` = 0 AND ( `star_num` <= 4 AND `star_num` >= 2  ) LIMIT 1   [ RunTime:0.0003s ]
SQL: SELECT COUNT(*) AS tp_count FROM `js_comment` WHERE `status` = 1 AND `is_add_comment` = 0 AND `star_num` = 5 LIMIT 1   [ RunTime:0.0003s ]
SQL: SELECT COUNT(*) AS tp_count FROM `js_comment` WHERE `status` = 1 AND `is_add_comment` = 0 LIMIT 1   [ RunTime:0.0003s ]
SQL: SELECT * FROM `js_comment` WHERE `status` = 1 AND `is_add_comment` = 0 ORDER BY id desc LIMIT 0,5   [ RunTime:0.0003s ]
SQL: SHOW COLUMNS FROM `js_user` [ RunTime:0.0024s ]
SQL: SELECT * FROM `js_user` WHERE ( 1=1 AND id='20' ) LIMIT 1   [ RunTime:0.0003s ]
SQL: SELECT * FROM `js_user` WHERE ( 1=1 AND id='19' ) LIMIT 1   [ RunTime:0.0003s ]
SQL: SELECT * FROM `js_user` WHERE ( 1=1 AND id='18' ) LIMIT 1   [ RunTime:0.0003s ]
SQL: SELECT * FROM `js_user` WHERE ( 1=1 AND id='17' ) LIMIT 1   [ RunTime:0.0002s ]
SQL: SELECT * FROM `js_user` WHERE ( 1=1 AND id='16' ) LIMIT 1   [ RunTime:0.0004s ]
SQL: SELECT * FROM `js_comment` WHERE `add_id` = 48 AND `is_add_comment` = 1 LIMIT 1   [ RunTime:0.0007s ]
SQL: SELECT * FROM `js_comment` WHERE `add_id` = 47 AND `is_add_comment` = 1 LIMIT 1   [ RunTime:0.0004s ]
SQL: SELECT * FROM `js_comment` WHERE `add_id` = 46 AND `is_add_comment` = 1 LIMIT 1   [ RunTime:0.0003s ]
SQL: SELECT * FROM `js_comment` WHERE `add_id` = 45 AND `is_add_comment` = 1 LIMIT 1   [ RunTime:0.0003s ]
SQL: SELECT * FROM `js_comment` WHERE `add_id` = 44 AND `is_add_comment` = 1 LIMIT 1   [ RunTime:0.0005s ]

[ 2021-12-19T21:31:41+08:00 ] ::1 /api_for_study/index.php/Comment/getComments
INFO: [ app_init ] --START--
INFO: Run Behavior\BuildLiteBehavior [ RunTime:0.000018s ]
INFO: [ app_init ] --END-- [ RunTime:0.000357s ]
INFO: [ app_begin ] --START--
INFO: Run Behavior\ReadHtmlCacheBehavior [ RunTime:0.000733s ]
INFO: [ app_begin ] --END-- [ RunTime:0.000882s ]
SQL: SHOW COLUMNS FROM `js_comment` [ RunTime:0.0115s ]
SQL: SELECT COUNT(*) AS tp_count FROM `js_comment` WHERE `status` = 1 AND `is_add_comment` = 0 LIMIT 1   [ RunTime:0.0004s ]
SQL: SELECT COUNT(*) AS tp_count FROM `js_comment` WHERE `status` = 1 AND `is_add_comment` = 0 AND `star_num` = 1 LIMIT 1   [ RunTime:0.0004s ]
SQL: SELECT COUNT(*) AS tp_count FROM `js_comment` WHERE `status` = 1 AND `is_add_comment` = 0 AND ( `star_num` <= 4 AND `star_num` >= 2  ) LIMIT 1   [ RunTime:0.0005s ]
SQL: SELECT COUNT(*) AS tp_count FROM `js_comment` WHERE `status` = 1 AND `is_add_comment` = 0 AND ( `star_num` <= 4 AND `star_num` >= 2  ) LIMIT 1   [ RunTime:0.0004s ]
SQL: SELECT COUNT(*) AS tp_count FROM `js_comment` WHERE `status` = 1 AND `is_add_comment` = 0 AND ( `star_num` <= 4 AND `star_num` >= 2  ) LIMIT 1   [ RunTime:0.0004s ]
SQL: SELECT COUNT(*) AS tp_count FROM `js_comment` WHERE `status` = 1 AND `is_add_comment` = 0 AND `star_num` = 5 LIMIT 1   [ RunTime:0.0004s ]
SQL: SELECT COUNT(*) AS tp_count FROM `js_comment` WHERE `status` = 1 AND `is_add_comment` = 0 LIMIT 1   [ RunTime:0.0003s ]
SQL: SELECT * FROM `js_comment` WHERE `status` = 1 AND `is_add_comment` = 0 ORDER BY id desc LIMIT 15,5   [ RunTime:0.0003s ]
SQL: SHOW COLUMNS FROM `js_user` [ RunTime:0.0028s ]
SQL: SELECT * FROM `js_user` WHERE ( 1=1 AND id='5' ) LIMIT 1   [ RunTime:0.0003s ]
SQL: SELECT * FROM `js_user` WHERE ( 1=1 AND id='4' ) LIMIT 1   [ RunTime:0.0002s ]
SQL: SELECT * FROM `js_user` WHERE ( 1=1 AND id='3' ) LIMIT 1   [ RunTime:0.0002s ]
SQL: SELECT * FROM `js_user` WHERE ( 1=1 AND id='2' ) LIMIT 1   [ RunTime:0.0002s ]
SQL: SELECT * FROM `js_user` WHERE ( 1=1 AND id='1' ) LIMIT 1   [ RunTime:0.0002s ]
SQL: SELECT * FROM `js_comment` WHERE `add_id` = 32 AND `is_add_comment` = 1 LIMIT 1   [ RunTime:0.0002s ]
SQL: SELECT * FROM `js_comment` WHERE `add_id` = 30 AND `is_add_comment` = 1 LIMIT 1   [ RunTime:0.0002s ]
SQL: SELECT * FROM `js_comment` WHERE `add_id` = 28 AND `is_add_comment` = 1 LIMIT 1   [ RunTime:0.0002s ]
SQL: SELECT * FROM `js_comment` WHERE `add_id` = 26 AND `is_add_comment` = 1 LIMIT 1   [ RunTime:0.0002s ]
SQL: SELECT * FROM `js_comment` WHERE `add_id` = 24 AND `is_add_comment` = 1 LIMIT 1   [ RunTime:0.0002s ]

[ 2021-12-19T21:33:36+08:00 ] ::1 /api_for_study/index.php/Comment/getComments
INFO: [ app_init ] --START--
INFO: Run Behavior\BuildLiteBehavior [ RunTime:0.000023s ]
INFO: [ app_init ] --END-- [ RunTime:0.000474s ]
INFO: [ app_begin ] --START--
INFO: Run Behavior\ReadHtmlCacheBehavior [ RunTime:0.000415s ]
INFO: [ app_begin ] --END-- [ RunTime:0.000522s ]
SQL: SHOW COLUMNS FROM `js_comment` [ RunTime:0.0042s ]
SQL: SELECT COUNT(*) AS tp_count FROM `js_comment` WHERE `status` = 1 AND `is_add_comment` = 0 LIMIT 1   [ RunTime:0.0004s ]
SQL: SELECT COUNT(*) AS tp_count FROM `js_comment` WHERE `status` = 1 AND `is_add_comment` = 0 AND `star_num` = 1 LIMIT 1   [ RunTime:0.0003s ]
SQL: SELECT COUNT(*) AS tp_count FROM `js_comment` WHERE `status` = 1 AND `is_add_comment` = 0 AND ( `star_num` <= 4 AND `star_num` >= 2  ) LIMIT 1   [ RunTime:0.0003s ]
SQL: SELECT COUNT(*) AS tp_count FROM `js_comment` WHERE `status` = 1 AND `is_add_comment` = 0 AND ( `star_num` <= 4 AND `star_num` >= 2  ) LIMIT 1   [ RunTime:0.0002s ]
SQL: SELECT COUNT(*) AS tp_count FROM `js_comment` WHERE `status` = 1 AND `is_add_comment` = 0 AND ( `star_num` <= 4 AND `star_num` >= 2  ) LIMIT 1   [ RunTime:0.0002s ]
SQL: SELECT COUNT(*) AS tp_count FROM `js_comment` WHERE `status` = 1 AND `is_add_comment` = 0 AND `star_num` = 5 LIMIT 1   [ RunTime:0.0003s ]
SQL: SELECT COUNT(*) AS tp_count FROM `js_comment` WHERE `status` = 1 AND `is_add_comment` = 0 AND `star_num` = 1 LIMIT 1   [ RunTime:0.0002s ]
SQL: SELECT * FROM `js_comment` WHERE `status` = 1 AND `is_add_comment` = 0 AND `star_num` = 1 ORDER BY id desc LIMIT 0,5   [ RunTime:0.0002s ]
SQL: SHOW COLUMNS FROM `js_user` [ RunTime:0.0024s ]
SQL: SELECT * FROM `js_user` WHERE ( 1=1 AND id='20' ) LIMIT 1   [ RunTime:0.0002s ]
SQL: SELECT * FROM `js_user` WHERE ( 1=1 AND id='18' ) LIMIT 1   [ RunTime:0.0002s ]
SQL: SELECT * FROM `js_user` WHERE ( 1=1 AND id='8' ) LIMIT 1   [ RunTime:0.0001s ]
SQL: SELECT * FROM `js_comment` WHERE `add_id` = 48 AND `is_add_comment` = 1 LIMIT 1   [ RunTime:0.0003s ]
SQL: SELECT * FROM `js_comment` WHERE `add_id` = 46 AND `is_add_comment` = 1 LIMIT 1   [ RunTime:0.0003s ]
SQL: SELECT * FROM `js_comment` WHERE `add_id` = 36 AND `is_add_comment` = 1 LIMIT 1   [ RunTime:0.0003s ]

[ 2021-12-19T21:33:38+08:00 ] ::1 /api_for_study/index.php/Comment/getComments
INFO: [ app_init ] --START--
INFO: Run Behavior\BuildLiteBehavior [ RunTime:0.000019s ]
INFO: [ app_init ] --END-- [ RunTime:0.000304s ]
INFO: [ app_begin ] --START--
INFO: Run Behavior\ReadHtmlCacheBehavior [ RunTime:0.000344s ]
INFO: [ app_begin ] --END-- [ RunTime:0.000430s ]
SQL: SHOW COLUMNS FROM `js_comment` [ RunTime:0.0027s ]
SQL: SELECT COUNT(*) AS tp_count FROM `js_comment` WHERE `status` = 1 AND `is_add_comment` = 0 LIMIT 1   [ RunTime:0.0003s ]
SQL: SELECT COUNT(*) AS tp_count FROM `js_comment` WHERE `status` = 1 AND `is_add_comment` = 0 AND `star_num` = 1 LIMIT 1   [ RunTime:0.0002s ]
SQL: SELECT COUNT(*) AS tp_count FROM `js_comment` WHERE `status` = 1 AND `is_add_comment` = 0 AND ( `star_num` <= 4 AND `star_num` >= 2  ) LIMIT 1   [ RunTime:0.0002s ]
SQL: SELECT COUNT(*) AS tp_count FROM `js_comment` WHERE `status` = 1 AND `is_add_comment` = 0 AND ( `star_num` <= 4 AND `star_num` >= 2  ) LIMIT 1   [ RunTime:0.0004s ]
SQL: SELECT COUNT(*) AS tp_count FROM `js_comment` WHERE `status` = 1 AND `is_add_comment` = 0 AND ( `star_num` <= 4 AND `star_num` >= 2  ) LIMIT 1   [ RunTime:0.0003s ]
SQL: SELECT COUNT(*) AS tp_count FROM `js_comment` WHERE `status` = 1 AND `is_add_comment` = 0 AND `star_num` = 5 LIMIT 1   [ RunTime:0.0002s ]
SQL: SELECT COUNT(*) AS tp_count FROM `js_comment` WHERE `status` = 1 AND `is_add_comment` = 0 AND ( `star_num` <= 4 AND `star_num` >= 2  ) LIMIT 1   [ RunTime:0.0002s ]
SQL: SELECT * FROM `js_comment` WHERE `status` = 1 AND `is_add_comment` = 0 AND ( `star_num` <= 4 AND `star_num` >= 2  ) ORDER BY id desc LIMIT 0,5   [ RunTime:0.0003s ]
SQL: SHOW COLUMNS FROM `js_user` [ RunTime:0.0023s ]
SQL: SELECT * FROM `js_user` WHERE ( 1=1 AND id='19' ) LIMIT 1   [ RunTime:0.0003s ]
SQL: SELECT * FROM `js_user` WHERE ( 1=1 AND id='12' ) LIMIT 1   [ RunTime:0.0002s ]
SQL: SELECT * FROM `js_user` WHERE ( 1=1 AND id='11' ) LIMIT 1   [ RunTime:0.0003s ]
SQL: SELECT * FROM `js_user` WHERE ( 1=1 AND id='7' ) LIMIT 1   [ RunTime:0.0004s ]
SQL: SELECT * FROM `js_user` WHERE ( 1=1 AND id='5' ) LIMIT 1   [ RunTime:0.0003s ]
SQL: SELECT * FROM `js_comment` WHERE `add_id` = 47 AND `is_add_comment` = 1 LIMIT 1   [ RunTime:0.0003s ]
SQL: SELECT * FROM `js_comment` WHERE `add_id` = 40 AND `is_add_comment` = 1 LIMIT 1   [ RunTime:0.0003s ]
SQL: SELECT * FROM `js_comment` WHERE `add_id` = 39 AND `is_add_comment` = 1 LIMIT 1   [ RunTime:0.0004s ]
SQL: SELECT * FROM `js_comment` WHERE `add_id` = 35 AND `is_add_comment` = 1 LIMIT 1   [ RunTime:0.0004s ]
SQL: SELECT * FROM `js_comment` WHERE `add_id` = 32 AND `is_add_comment` = 1 LIMIT 1   [ RunTime:0.0004s ]

[ 2021-12-19T21:33:39+08:00 ] ::1 /api_for_study/index.php/Comment/getComments
INFO: [ app_init ] --START--
INFO: Run Behavior\BuildLiteBehavior [ RunTime:0.000018s ]
INFO: [ app_init ] --END-- [ RunTime:0.000291s ]
INFO: [ app_begin ] --START--
INFO: Run Behavior\ReadHtmlCacheBehavior [ RunTime:0.000412s ]
INFO: [ app_begin ] --END-- [ RunTime:0.000503s ]
SQL: SHOW COLUMNS FROM `js_comment` [ RunTime:0.0109s ]
SQL: SELECT COUNT(*) AS tp_count FROM `js_comment` WHERE `status` = 1 AND `is_add_comment` = 0 LIMIT 1   [ RunTime:0.0005s ]
SQL: SELECT COUNT(*) AS tp_count FROM `js_comment` WHERE `status` = 1 AND `is_add_comment` = 0 AND `star_num` = 1 LIMIT 1   [ RunTime:0.0004s ]
SQL: SELECT COUNT(*) AS tp_count FROM `js_comment` WHERE `status` = 1 AND `is_add_comment` = 0 AND ( `star_num` <= 4 AND `star_num` >= 2  ) LIMIT 1   [ RunTime:0.0004s ]
SQL: SELECT COUNT(*) AS tp_count FROM `js_comment` WHERE `status` = 1 AND `is_add_comment` = 0 AND ( `star_num` <= 4 AND `star_num` >= 2  ) LIMIT 1   [ RunTime:0.0003s ]
SQL: SELECT COUNT(*) AS tp_count FROM `js_comment` WHERE `status` = 1 AND `is_add_comment` = 0 AND ( `star_num` <= 4 AND `star_num` >= 2  ) LIMIT 1   [ RunTime:0.0003s ]
SQL: SELECT COUNT(*) AS tp_count FROM `js_comment` WHERE `status` = 1 AND `is_add_comment` = 0 AND `star_num` = 5 LIMIT 1   [ RunTime:0.0003s ]
SQL: SELECT COUNT(*) AS tp_count FROM `js_comment` WHERE `status` = 1 AND `is_add_comment` = 0 AND `star_num` = 5 LIMIT 1   [ RunTime:0.0004s ]
SQL: SELECT * FROM `js_comment` WHERE `status` = 1 AND `is_add_comment` = 0 AND `star_num` = 5 ORDER BY id desc LIMIT 0,5   [ RunTime:0.0003s ]
SQL: SHOW COLUMNS FROM `js_user` [ RunTime:0.0023s ]
SQL: SELECT * FROM `js_user` WHERE ( 1=1 AND id='17' ) LIMIT 1   [ RunTime:0.0003s ]
SQL: SELECT * FROM `js_user` WHERE ( 1=1 AND id='16' ) LIMIT 1   [ RunTime:0.0002s ]
SQL: SELECT * FROM `js_user` WHERE ( 1=1 AND id='15' ) LIMIT 1   [ RunTime:0.0002s ]
SQL: SELECT * FROM `js_user` WHERE ( 1=1 AND id='14' ) LIMIT 1   [ RunTime:0.0002s ]
SQL: SELECT * FROM `js_user` WHERE ( 1=1 AND id='13' ) LIMIT 1   [ RunTime:0.0002s ]
SQL: SELECT * FROM `js_comment` WHERE `add_id` = 45 AND `is_add_comment` = 1 LIMIT 1   [ RunTime:0.0002s ]
SQL: SELECT * FROM `js_comment` WHERE `add_id` = 44 AND `is_add_comment` = 1 LIMIT 1   [ RunTime:0.0002s ]
SQL: SELECT * FROM `js_comment` WHERE `add_id` = 43 AND `is_add_comment` = 1 LIMIT 1   [ RunTime:0.0002s ]
SQL: SELECT * FROM `js_comment` WHERE `add_id` = 42 AND `is_add_comment` = 1 LIMIT 1   [ RunTime:0.0002s ]
SQL: SELECT * FROM `js_comment` WHERE `add_id` = 41 AND `is_add_comment` = 1 LIMIT 1   [ RunTime:0.0002s ]

[ 2021-12-19T21:33:41+08:00 ] ::1 /api_for_study/index.php/Comment/getComments
INFO: [ app_init ] --START--
INFO: Run Behavior\BuildLiteBehavior [ RunTime:0.000020s ]
INFO: [ app_init ] --END-- [ RunTime:0.000293s ]
INFO: [ app_begin ] --START--
INFO: Run Behavior\ReadHtmlCacheBehavior [ RunTime:0.000684s ]
INFO: [ app_begin ] --END-- [ RunTime:0.000812s ]
SQL: SHOW COLUMNS FROM `js_comment` [ RunTime:0.0110s ]
SQL: SELECT COUNT(*) AS tp_count FROM `js_comment` WHERE `status` = 1 AND `is_add_comment` = 0 LIMIT 1   [ RunTime:0.0004s ]
SQL: SELECT COUNT(*) AS tp_count FROM `js_comment` WHERE `status` = 1 AND `is_add_comment` = 0 AND `star_num` = 1 LIMIT 1   [ RunTime:0.0003s ]
SQL: SELECT COUNT(*) AS tp_count FROM `js_comment` WHERE `status` = 1 AND `is_add_comment` = 0 AND ( `star_num` <= 4 AND `star_num` >= 2  ) LIMIT 1   [ RunTime:0.0003s ]
SQL: SELECT COUNT(*) AS tp_count FROM `js_comment` WHERE `status` = 1 AND `is_add_comment` = 0 AND ( `star_num` <= 4 AND `star_num` >= 2  ) LIMIT 1   [ RunTime:0.0003s ]
SQL: SELECT COUNT(*) AS tp_count FROM `js_comment` WHERE `status` = 1 AND `is_add_comment` = 0 AND ( `star_num` <= 4 AND `star_num` >= 2  ) LIMIT 1   [ RunTime:0.0004s ]
SQL: SELECT COUNT(*) AS tp_count FROM `js_comment` WHERE `status` = 1 AND `is_add_comment` = 0 AND `star_num` = 5 LIMIT 1   [ RunTime:0.0003s ]
SQL: SELECT COUNT(*) AS tp_count FROM `js_comment` WHERE `status` = 1 AND `is_add_comment` = 0 LIMIT 1   [ RunTime:0.0002s ]
SQL: SELECT * FROM `js_comment` WHERE `status` = 1 AND `is_add_comment` = 0 ORDER BY id desc LIMIT 0,5   [ RunTime:0.0002s ]
SQL: SHOW COLUMNS FROM `js_user` [ RunTime:0.0023s ]
SQL: SELECT * FROM `js_user` WHERE ( 1=1 AND id='20' ) LIMIT 1   [ RunTime:0.0003s ]
SQL: SELECT * FROM `js_user` WHERE ( 1=1 AND id='19' ) LIMIT 1   [ RunTime:0.0002s ]
SQL: SELECT * FROM `js_user` WHERE ( 1=1 AND id='18' ) LIMIT 1   [ RunTime:0.0002s ]
SQL: SELECT * FROM `js_user` WHERE ( 1=1 AND id='17' ) LIMIT 1   [ RunTime:0.0002s ]
SQL: SELECT * FROM `js_user` WHERE ( 1=1 AND id='16' ) LIMIT 1   [ RunTime:0.0002s ]
SQL: SELECT * FROM `js_comment` WHERE `add_id` = 48 AND `is_add_comment` = 1 LIMIT 1   [ RunTime:0.0002s ]
SQL: SELECT * FROM `js_comment` WHERE `add_id` = 47 AND `is_add_comment` = 1 LIMIT 1   [ RunTime:0.0002s ]
SQL: SELECT * FROM `js_comment` WHERE `add_id` = 46 AND `is_add_comment` = 1 LIMIT 1   [ RunTime:0.0003s ]
SQL: SELECT * FROM `js_comment` WHERE `add_id` = 45 AND `is_add_comment` = 1 LIMIT 1   [ RunTime:0.0002s ]
SQL: SELECT * FROM `js_comment` WHERE `add_id` = 44 AND `is_add_comment` = 1 LIMIT 1   [ RunTime:0.0004s ]

[ 2021-12-19T21:34:07+08:00 ] ::1 /api_for_study/index.php/Comment/getComments
INFO: [ app_init ] --START--
INFO: Run Behavior\BuildLiteBehavior [ RunTime:0.000021s ]
INFO: [ app_init ] --END-- [ RunTime:0.000324s ]
INFO: [ app_begin ] --START--
INFO: Run Behavior\ReadHtmlCacheBehavior [ RunTime:0.000391s ]
INFO: [ app_begin ] --END-- [ RunTime:0.000491s ]
SQL: SHOW COLUMNS FROM `js_comment` [ RunTime:0.0100s ]
SQL: SELECT COUNT(*) AS tp_count FROM `js_comment` WHERE `status` = 1 AND `is_add_comment` = 0 LIMIT 1   [ RunTime:0.0003s ]
SQL: SELECT COUNT(*) AS tp_count FROM `js_comment` WHERE `status` = 1 AND `is_add_comment` = 0 AND `star_num` = 1 LIMIT 1   [ RunTime:0.0002s ]
SQL: SELECT COUNT(*) AS tp_count FROM `js_comment` WHERE `status` = 1 AND `is_add_comment` = 0 AND ( `star_num` <= 4 AND `star_num` >= 2  ) LIMIT 1   [ RunTime:0.0002s ]
SQL: SELECT COUNT(*) AS tp_count FROM `js_comment` WHERE `status` = 1 AND `is_add_comment` = 0 AND ( `star_num` <= 4 AND `star_num` >= 2  ) LIMIT 1   [ RunTime:0.0002s ]
SQL: SELECT COUNT(*) AS tp_count FROM `js_comment` WHERE `status` = 1 AND `is_add_comment` = 0 AND ( `star_num` <= 4 AND `star_num` >= 2  ) LIMIT 1   [ RunTime:0.0002s ]
SQL: SELECT COUNT(*) AS tp_count FROM `js_comment` WHERE `status` = 1 AND `is_add_comment` = 0 AND `star_num` = 5 LIMIT 1   [ RunTime:0.0002s ]
SQL: SELECT COUNT(*) AS tp_count FROM `js_comment` WHERE `status` = 1 AND `is_add_comment` = 0 AND `star_num` = 5 LIMIT 1   [ RunTime:0.0002s ]
SQL: SELECT * FROM `js_comment` WHERE `status` = 1 AND `is_add_comment` = 0 AND `star_num` = 5 ORDER BY id desc LIMIT 0,5   [ RunTime:0.0002s ]
SQL: SHOW COLUMNS FROM `js_user` [ RunTime:0.0025s ]
SQL: SELECT * FROM `js_user` WHERE ( 1=1 AND id='17' ) LIMIT 1   [ RunTime:0.0003s ]
SQL: SELECT * FROM `js_user` WHERE ( 1=1 AND id='16' ) LIMIT 1   [ RunTime:0.0002s ]
SQL: SELECT * FROM `js_user` WHERE ( 1=1 AND id='15' ) LIMIT 1   [ RunTime:0.0002s ]
SQL: SELECT * FROM `js_user` WHERE ( 1=1 AND id='14' ) LIMIT 1   [ RunTime:0.0002s ]
SQL: SELECT * FROM `js_user` WHERE ( 1=1 AND id='13' ) LIMIT 1   [ RunTime:0.0002s ]
SQL: SELECT * FROM `js_comment` WHERE `add_id` = 45 AND `is_add_comment` = 1 LIMIT 1   [ RunTime:0.0002s ]
SQL: SELECT * FROM `js_comment` WHERE `add_id` = 44 AND `is_add_comment` = 1 LIMIT 1   [ RunTime:0.0002s ]
SQL: SELECT * FROM `js_comment` WHERE `add_id` = 43 AND `is_add_comment` = 1 LIMIT 1   [ RunTime:0.0002s ]
SQL: SELECT * FROM `js_comment` WHERE `add_id` = 42 AND `is_add_comment` = 1 LIMIT 1   [ RunTime:0.0002s ]
SQL: SELECT * FROM `js_comment` WHERE `add_id` = 41 AND `is_add_comment` = 1 LIMIT 1   [ RunTime:0.0002s ]

