[ 2022-01-06T12:59:09+08:00 ] ::1 /api_for_study/index.php/User/login
INFO: [ app_init ] --START--
INFO: Run Behavior\BuildLiteBehavior [ RunTime:0.000022s ]
INFO: [ app_init ] --END-- [ RunTime:0.001771s ]
INFO: [ app_begin ] --START--
INFO: Run Behavior\ReadHtmlCacheBehavior [ RunTime:0.000793s ]
INFO: [ app_begin ] --END-- [ RunTime:0.000902s ]
SQL: SHOW COLUMNS FROM `js_users` [ RunTime:0.0044s ]
NOTIC: [8] Undefined variable: salt D:\Programs\wamp\www\api_for_study\Home\Model\UsersModel.class.php 第 7 行.
SQL: SELECT * FROM `js_users` WHERE ( `username` = 'superatc' OR `phone_number` = 'superatc' ) LIMIT 1   [ RunTime:0.0004s ]
SQL: SELECT `password` FROM `js_users` WHERE ( `username` = 'superatc' OR `phone_number` = 'superatc' ) LIMIT 1   [ RunTime:0.0002s ]
NOTIC: [8] Use of undefined constant error_code - assumed 'error_code' D:\Programs\wamp\www\api_for_study\Home\Model\UsersModel.class.php 第 18 行.
NOTIC: [8] Use of undefined constant error_msg - assumed 'error_msg' D:\Programs\wamp\www\api_for_study\Home\Model\UsersModel.class.php 第 19 行.

[ 2022-01-06T12:59:28+08:00 ] ::1 /api_for_study/index.php/User/login
INFO: [ app_init ] --START--
INFO: Run Behavior\BuildLiteBehavior [ RunTime:0.000019s ]
INFO: [ app_init ] --END-- [ RunTime:0.000272s ]
INFO: [ app_begin ] --START--
INFO: Run Behavior\ReadHtmlCacheBehavior [ RunTime:0.000255s ]
INFO: [ app_begin ] --END-- [ RunTime:0.000341s ]
SQL: SHOW COLUMNS FROM `js_users` [ RunTime:0.0037s ]
NOTIC: [8] Undefined variable: salt D:\Programs\wamp\www\api_for_study\Home\Model\UsersModel.class.php 第 7 行.
SQL: SELECT * FROM `js_users` WHERE ( `username` = 'superatc' OR `phone_number` = 'superatc' ) LIMIT 1   [ RunTime:0.0003s ]
SQL: SELECT `password` FROM `js_users` WHERE ( `username` = 'superatc' OR `phone_number` = 'superatc' ) LIMIT 1   [ RunTime:0.0002s ]
SQL: SELECT `nickname` FROM `js_users` WHERE ( `username` = 'superatc' OR `phone_number` = 'superatc' ) LIMIT 1   [ RunTime:0.0002s ]
NOTIC: [8] Undefined variable: salt D:\Programs\wamp\www\api_for_study\Home\Model\UsersModel.class.php 第 23 行.
SQL: UPDATE `js_users` SET `ident_code`='f805e56d1d370e93a6975ad242c4ea0f',`token`='EVVKgaMtGZPKL9CKnR96TCucZTdIajIZ',`timeout`='1641531568' WHERE ( `username` = 'superatc' OR `phone_number` = 'superatc' ) [ RunTime:0.0020s ]
NOTIC: [8] Use of undefined constant error_code - assumed 'error_code' D:\Programs\wamp\www\api_for_study\Home\Model\UsersModel.class.php 第 44 行.
NOTIC: [8] Use of undefined constant error_msg - assumed 'error_msg' D:\Programs\wamp\www\api_for_study\Home\Model\UsersModel.class.php 第 45 行.

[ 2022-01-06T12:59:28+08:00 ] ::1 /api_for_study/index.php/User/checkAuth
INFO: [ app_init ] --START--
INFO: Run Behavior\BuildLiteBehavior [ RunTime:0.000022s ]
INFO: [ app_init ] --END-- [ RunTime:0.000403s ]
INFO: [ app_begin ] --START--
INFO: Run Behavior\ReadHtmlCacheBehavior [ RunTime:0.000360s ]
INFO: [ app_begin ] --END-- [ RunTime:0.000459s ]
SQL: SHOW COLUMNS FROM `js_users` [ RunTime:0.0031s ]
SQL: SELECT * FROM `js_users` WHERE `ident_code` = 'f805e56d1d370e93a6975ad242c4ea0f' AND `token` = 'EVVKgaMtGZPKL9CKnR96TCucZTdIajIZ' LIMIT 1   [ RunTime:0.0004s ]
SQL: SELECT `timeout` FROM `js_users` WHERE `ident_code` = 'f805e56d1d370e93a6975ad242c4ea0f' AND `token` = 'EVVKgaMtGZPKL9CKnR96TCucZTdIajIZ' LIMIT 1   [ RunTime:0.0003s ]
NOTIC: [8] Use of undefined constant error_code - assumed 'error_code' D:\Programs\wamp\www\api_for_study\Home\Model\UsersModel.class.php 第 108 行.
NOTIC: [8] Use of undefined constant error_msg - assumed 'error_msg' D:\Programs\wamp\www\api_for_study\Home\Model\UsersModel.class.php 第 109 行.

[ 2022-01-06T12:59:38+08:00 ] ::1 /api_for_study/index.php/User/logout
INFO: [ app_init ] --START--
INFO: Run Behavior\BuildLiteBehavior [ RunTime:0.000019s ]
INFO: [ app_init ] --END-- [ RunTime:0.000290s ]
INFO: [ app_begin ] --START--
INFO: Run Behavior\ReadHtmlCacheBehavior [ RunTime:0.000283s ]
INFO: [ app_begin ] --END-- [ RunTime:0.000374s ]
INFO: [ app_end ] --START--
INFO: Run Behavior\ShowPageTraceBehavior [ RunTime:0.000685s ]
INFO: [ app_end ] --END-- [ RunTime:0.000776s ]

[ 2022-01-06T12:59:47+08:00 ] ::1 /api_for_study/index.php/User/login
INFO: [ app_init ] --START--
INFO: Run Behavior\BuildLiteBehavior [ RunTime:0.000018s ]
INFO: [ app_init ] --END-- [ RunTime:0.000267s ]
INFO: [ app_begin ] --START--
INFO: Run Behavior\ReadHtmlCacheBehavior [ RunTime:0.000252s ]
INFO: [ app_begin ] --END-- [ RunTime:0.000338s ]
SQL: SHOW COLUMNS FROM `js_users` [ RunTime:0.0109s ]
NOTIC: [8] Undefined variable: salt D:\Programs\wamp\www\api_for_study\Home\Model\UsersModel.class.php 第 7 行.
SQL: SELECT * FROM `js_users` WHERE ( `username` = 'superatc' OR `phone_number` = 'superatc' ) LIMIT 1   [ RunTime:0.0004s ]
SQL: SELECT `password` FROM `js_users` WHERE ( `username` = 'superatc' OR `phone_number` = 'superatc' ) LIMIT 1   [ RunTime:0.0003s ]
SQL: SELECT `nickname` FROM `js_users` WHERE ( `username` = 'superatc' OR `phone_number` = 'superatc' ) LIMIT 1   [ RunTime:0.0002s ]
NOTIC: [8] Undefined variable: salt D:\Programs\wamp\www\api_for_study\Home\Model\UsersModel.class.php 第 23 行.
SQL: UPDATE `js_users` SET `ident_code`='f805e56d1d370e93a6975ad242c4ea0f',`token`='Zx3RGpvjNhZkTUup8Z7Q8T5DncqSWACe',`timeout`='1641531587' WHERE ( `username` = 'superatc' OR `phone_number` = 'superatc' ) [ RunTime:0.0017s ]
NOTIC: [8] Use of undefined constant error_code - assumed 'error_code' D:\Programs\wamp\www\api_for_study\Home\Model\UsersModel.class.php 第 44 行.
NOTIC: [8] Use of undefined constant error_msg - assumed 'error_msg' D:\Programs\wamp\www\api_for_study\Home\Model\UsersModel.class.php 第 45 行.

[ 2022-01-06T12:59:47+08:00 ] ::1 /api_for_study/index.php/User/checkAuth
INFO: [ app_init ] --START--
INFO: Run Behavior\BuildLiteBehavior [ RunTime:0.000020s ]
INFO: [ app_init ] --END-- [ RunTime:0.000394s ]
INFO: [ app_begin ] --START--
INFO: Run Behavior\ReadHtmlCacheBehavior [ RunTime:0.000477s ]
INFO: [ app_begin ] --END-- [ RunTime:0.000668s ]
SQL: SHOW COLUMNS FROM `js_users` [ RunTime:0.0033s ]
SQL: SELECT * FROM `js_users` WHERE `ident_code` = 'f805e56d1d370e93a6975ad242c4ea0f' AND `token` = 'Zx3RGpvjNhZkTUup8Z7Q8T5DncqSWACe' LIMIT 1   [ RunTime:0.0004s ]
SQL: SELECT `timeout` FROM `js_users` WHERE `ident_code` = 'f805e56d1d370e93a6975ad242c4ea0f' AND `token` = 'Zx3RGpvjNhZkTUup8Z7Q8T5DncqSWACe' LIMIT 1   [ RunTime:0.0003s ]
NOTIC: [8] Use of undefined constant error_code - assumed 'error_code' D:\Programs\wamp\www\api_for_study\Home\Model\UsersModel.class.php 第 108 行.
NOTIC: [8] Use of undefined constant error_msg - assumed 'error_msg' D:\Programs\wamp\www\api_for_study\Home\Model\UsersModel.class.php 第 109 行.

[ 2022-01-06T13:00:20+08:00 ] ::1 /api_for_study/index.php/User/logout
INFO: [ app_init ] --START--
INFO: Run Behavior\BuildLiteBehavior [ RunTime:0.000018s ]
INFO: [ app_init ] --END-- [ RunTime:0.000270s ]
INFO: [ app_begin ] --START--
INFO: Run Behavior\ReadHtmlCacheBehavior [ RunTime:0.000512s ]
INFO: [ app_begin ] --END-- [ RunTime:0.000669s ]
INFO: [ app_end ] --START--
INFO: Run Behavior\ShowPageTraceBehavior [ RunTime:0.000343s ]
INFO: [ app_end ] --END-- [ RunTime:0.000435s ]

[ 2022-01-06T13:00:28+08:00 ] ::1 /api_for_study/index.php/User/login
INFO: [ app_init ] --START--
INFO: Run Behavior\BuildLiteBehavior [ RunTime:0.000022s ]
INFO: [ app_init ] --END-- [ RunTime:0.000410s ]
INFO: [ app_begin ] --START--
INFO: Run Behavior\ReadHtmlCacheBehavior [ RunTime:0.000255s ]
INFO: [ app_begin ] --END-- [ RunTime:0.000341s ]
SQL: SHOW COLUMNS FROM `js_users` [ RunTime:0.0046s ]
NOTIC: [8] Undefined variable: salt D:\Programs\wamp\www\api_for_study\Home\Model\UsersModel.class.php 第 7 行.
SQL: SELECT * FROM `js_users` WHERE ( `username` = 'superatc' OR `phone_number` = 'superatc' ) LIMIT 1   [ RunTime:0.0004s ]
SQL: SELECT `password` FROM `js_users` WHERE ( `username` = 'superatc' OR `phone_number` = 'superatc' ) LIMIT 1   [ RunTime:0.0003s ]
SQL: SELECT `nickname` FROM `js_users` WHERE ( `username` = 'superatc' OR `phone_number` = 'superatc' ) LIMIT 1   [ RunTime:0.0002s ]
NOTIC: [8] Undefined variable: salt D:\Programs\wamp\www\api_for_study\Home\Model\UsersModel.class.php 第 23 行.
SQL: UPDATE `js_users` SET `ident_code`='f805e56d1d370e93a6975ad242c4ea0f',`token`='h7K1BuwAxGjwWkFtBvV3ZrjIXcQFLWAE',`timeout`='1641531628' WHERE ( `username` = 'superatc' OR `phone_number` = 'superatc' ) [ RunTime:0.0015s ]
NOTIC: [8] Use of undefined constant error_code - assumed 'error_code' D:\Programs\wamp\www\api_for_study\Home\Model\UsersModel.class.php 第 44 行.
NOTIC: [8] Use of undefined constant error_msg - assumed 'error_msg' D:\Programs\wamp\www\api_for_study\Home\Model\UsersModel.class.php 第 45 行.

[ 2022-01-06T13:00:28+08:00 ] ::1 /api_for_study/index.php/User/checkAuth
INFO: [ app_init ] --START--
INFO: Run Behavior\BuildLiteBehavior [ RunTime:0.000020s ]
INFO: [ app_init ] --END-- [ RunTime:0.000289s ]
INFO: [ app_begin ] --START--
INFO: Run Behavior\ReadHtmlCacheBehavior [ RunTime:0.000306s ]
INFO: [ app_begin ] --END-- [ RunTime:0.000413s ]
SQL: SHOW COLUMNS FROM `js_users` [ RunTime:0.0115s ]
SQL: SELECT * FROM `js_users` WHERE `ident_code` = 'f805e56d1d370e93a6975ad242c4ea0f' AND `token` = 'h7K1BuwAxGjwWkFtBvV3ZrjIXcQFLWAE' LIMIT 1   [ RunTime:0.0004s ]
SQL: SELECT `timeout` FROM `js_users` WHERE `ident_code` = 'f805e56d1d370e93a6975ad242c4ea0f' AND `token` = 'h7K1BuwAxGjwWkFtBvV3ZrjIXcQFLWAE' LIMIT 1   [ RunTime:0.0003s ]
NOTIC: [8] Use of undefined constant error_code - assumed 'error_code' D:\Programs\wamp\www\api_for_study\Home\Model\UsersModel.class.php 第 108 行.
NOTIC: [8] Use of undefined constant error_msg - assumed 'error_msg' D:\Programs\wamp\www\api_for_study\Home\Model\UsersModel.class.php 第 109 行.

[ 2022-01-06T13:17:41+08:00 ] ::1 /api_for_study/index.php/User/verify
INFO: [ app_init ] --START--
INFO: Run Behavior\BuildLiteBehavior [ RunTime:0.000045s ]
INFO: [ app_init ] --END-- [ RunTime:0.000772s ]
INFO: [ app_begin ] --START--
INFO: Run Behavior\ReadHtmlCacheBehavior [ RunTime:0.000848s ]
INFO: [ app_begin ] --END-- [ RunTime:0.001072s ]
INFO: [ app_end ] --START--
INFO: Run Behavior\ShowPageTraceBehavior [ RunTime:0.000811s ]
INFO: [ app_end ] --END-- [ RunTime:0.001016s ]

[ 2022-01-06T13:18:51+08:00 ] ::1 /api_for_study/index.php/User/verify
INFO: [ app_init ] --START--
INFO: Run Behavior\BuildLiteBehavior [ RunTime:0.000035s ]
INFO: [ app_init ] --END-- [ RunTime:0.000635s ]
INFO: [ app_begin ] --START--
INFO: Run Behavior\ReadHtmlCacheBehavior [ RunTime:0.000661s ]
INFO: [ app_begin ] --END-- [ RunTime:0.000819s ]
INFO: [ app_end ] --START--
INFO: Run Behavior\ShowPageTraceBehavior [ RunTime:0.000599s ]
INFO: [ app_end ] --END-- [ RunTime:0.000759s ]

[ 2022-01-06T13:18:51+08:00 ] ::1 /api_for_study/index.php/User/checkAuth
INFO: [ app_init ] --START--
INFO: Run Behavior\BuildLiteBehavior [ RunTime:0.000020s ]
INFO: [ app_init ] --END-- [ RunTime:0.000309s ]
INFO: [ app_begin ] --START--
INFO: Run Behavior\ReadHtmlCacheBehavior [ RunTime:0.000289s ]
INFO: [ app_begin ] --END-- [ RunTime:0.000384s ]
SQL: SHOW COLUMNS FROM `js_users` [ RunTime:0.0031s ]
SQL: SELECT * FROM `js_users` WHERE `ident_code` = 'f805e56d1d370e93a6975ad242c4ea0f' AND `token` = 'h7K1BuwAxGjwWkFtBvV3ZrjIXcQFLWAE' LIMIT 1   [ RunTime:0.0004s ]
SQL: SELECT `timeout` FROM `js_users` WHERE `ident_code` = 'f805e56d1d370e93a6975ad242c4ea0f' AND `token` = 'h7K1BuwAxGjwWkFtBvV3ZrjIXcQFLWAE' LIMIT 1   [ RunTime:0.0002s ]
NOTIC: [8] Use of undefined constant error_code - assumed 'error_code' D:\Programs\wamp\www\api_for_study\Home\Model\UsersModel.class.php 第 108 行.
NOTIC: [8] Use of undefined constant error_msg - assumed 'error_msg' D:\Programs\wamp\www\api_for_study\Home\Model\UsersModel.class.php 第 109 行.

[ 2022-01-06T13:19:52+08:00 ] ::1 /api_for_study/index.php/User/verify
INFO: [ app_init ] --START--
INFO: Run Behavior\BuildLiteBehavior [ RunTime:0.000023s ]
INFO: [ app_init ] --END-- [ RunTime:0.000397s ]
INFO: [ app_begin ] --START--
INFO: Run Behavior\ReadHtmlCacheBehavior [ RunTime:0.000407s ]
INFO: [ app_begin ] --END-- [ RunTime:0.000511s ]
INFO: [ app_end ] --START--
INFO: Run Behavior\ShowPageTraceBehavior [ RunTime:0.000691s ]
INFO: [ app_end ] --END-- [ RunTime:0.000867s ]

[ 2022-01-06T13:19:52+08:00 ] ::1 /api_for_study/index.php/User/checkAuth
INFO: [ app_init ] --START--
INFO: Run Behavior\BuildLiteBehavior [ RunTime:0.000022s ]
INFO: [ app_init ] --END-- [ RunTime:0.000342s ]
INFO: [ app_begin ] --START--
INFO: Run Behavior\ReadHtmlCacheBehavior [ RunTime:0.000288s ]
INFO: [ app_begin ] --END-- [ RunTime:0.000383s ]
SQL: SHOW COLUMNS FROM `js_users` [ RunTime:0.0033s ]
SQL: SELECT * FROM `js_users` WHERE `ident_code` = 'f805e56d1d370e93a6975ad242c4ea0f' AND `token` = 'h7K1BuwAxGjwWkFtBvV3ZrjIXcQFLWAE' LIMIT 1   [ RunTime:0.0004s ]
SQL: SELECT `timeout` FROM `js_users` WHERE `ident_code` = 'f805e56d1d370e93a6975ad242c4ea0f' AND `token` = 'h7K1BuwAxGjwWkFtBvV3ZrjIXcQFLWAE' LIMIT 1   [ RunTime:0.0003s ]
NOTIC: [8] Use of undefined constant error_code - assumed 'error_code' D:\Programs\wamp\www\api_for_study\Home\Model\UsersModel.class.php 第 108 行.
NOTIC: [8] Use of undefined constant error_msg - assumed 'error_msg' D:\Programs\wamp\www\api_for_study\Home\Model\UsersModel.class.php 第 109 行.

[ 2022-01-06T13:19:55+08:00 ] ::1 /api_for_study/index.php/User/verify
INFO: [ app_init ] --START--
INFO: Run Behavior\BuildLiteBehavior [ RunTime:0.000033s ]
INFO: [ app_init ] --END-- [ RunTime:0.000562s ]
INFO: [ app_begin ] --START--
INFO: Run Behavior\ReadHtmlCacheBehavior [ RunTime:0.000587s ]
INFO: [ app_begin ] --END-- [ RunTime:0.000762s ]
INFO: [ app_end ] --START--
INFO: Run Behavior\ShowPageTraceBehavior [ RunTime:0.000835s ]
INFO: [ app_end ] --END-- [ RunTime:0.001082s ]

[ 2022-01-06T13:19:55+08:00 ] ::1 /api_for_study/index.php/User/checkAuth
INFO: [ app_init ] --START--
INFO: Run Behavior\BuildLiteBehavior [ RunTime:0.000020s ]
INFO: [ app_init ] --END-- [ RunTime:0.000313s ]
INFO: [ app_begin ] --START--
INFO: Run Behavior\ReadHtmlCacheBehavior [ RunTime:0.000683s ]
INFO: [ app_begin ] --END-- [ RunTime:0.000903s ]
SQL: SHOW COLUMNS FROM `js_users` [ RunTime:0.0026s ]
SQL: SELECT * FROM `js_users` WHERE `ident_code` = 'f805e56d1d370e93a6975ad242c4ea0f' AND `token` = 'h7K1BuwAxGjwWkFtBvV3ZrjIXcQFLWAE' LIMIT 1   [ RunTime:0.0003s ]
SQL: SELECT `timeout` FROM `js_users` WHERE `ident_code` = 'f805e56d1d370e93a6975ad242c4ea0f' AND `token` = 'h7K1BuwAxGjwWkFtBvV3ZrjIXcQFLWAE' LIMIT 1   [ RunTime:0.0002s ]
NOTIC: [8] Use of undefined constant error_code - assumed 'error_code' D:\Programs\wamp\www\api_for_study\Home\Model\UsersModel.class.php 第 108 行.
NOTIC: [8] Use of undefined constant error_msg - assumed 'error_msg' D:\Programs\wamp\www\api_for_study\Home\Model\UsersModel.class.php 第 109 行.

[ 2022-01-06T13:20:47+08:00 ] ::1 /api_for_study/index.php/User/verify
INFO: [ app_init ] --START--
INFO: Run Behavior\BuildLiteBehavior [ RunTime:0.000024s ]
INFO: [ app_init ] --END-- [ RunTime:0.000361s ]
INFO: [ app_begin ] --START--
INFO: Run Behavior\ReadHtmlCacheBehavior [ RunTime:0.000378s ]
INFO: [ app_begin ] --END-- [ RunTime:0.000501s ]
INFO: [ app_end ] --START--
INFO: Run Behavior\ShowPageTraceBehavior [ RunTime:0.000520s ]
INFO: [ app_end ] --END-- [ RunTime:0.000676s ]

[ 2022-01-06T13:20:47+08:00 ] ::1 /api_for_study/index.php/User/checkAuth
INFO: [ app_init ] --START--
INFO: Run Behavior\BuildLiteBehavior [ RunTime:0.000024s ]
INFO: [ app_init ] --END-- [ RunTime:0.000481s ]
INFO: [ app_begin ] --START--
INFO: Run Behavior\ReadHtmlCacheBehavior [ RunTime:0.000267s ]
INFO: [ app_begin ] --END-- [ RunTime:0.000356s ]
SQL: SHOW COLUMNS FROM `js_users` [ RunTime:0.0037s ]
SQL: SELECT * FROM `js_users` WHERE `ident_code` = 'f805e56d1d370e93a6975ad242c4ea0f' AND `token` = 'h7K1BuwAxGjwWkFtBvV3ZrjIXcQFLWAE' LIMIT 1   [ RunTime:0.0005s ]
SQL: SELECT `timeout` FROM `js_users` WHERE `ident_code` = 'f805e56d1d370e93a6975ad242c4ea0f' AND `token` = 'h7K1BuwAxGjwWkFtBvV3ZrjIXcQFLWAE' LIMIT 1   [ RunTime:0.0003s ]
NOTIC: [8] Use of undefined constant error_code - assumed 'error_code' D:\Programs\wamp\www\api_for_study\Home\Model\UsersModel.class.php 第 108 行.
NOTIC: [8] Use of undefined constant error_msg - assumed 'error_msg' D:\Programs\wamp\www\api_for_study\Home\Model\UsersModel.class.php 第 109 行.

[ 2022-01-06T13:20:49+08:00 ] ::1 /api_for_study/index.php/User/verify
INFO: [ app_init ] --START--
INFO: Run Behavior\BuildLiteBehavior [ RunTime:0.000026s ]
INFO: [ app_init ] --END-- [ RunTime:0.000538s ]
INFO: [ app_begin ] --START--
INFO: Run Behavior\ReadHtmlCacheBehavior [ RunTime:0.000365s ]
INFO: [ app_begin ] --END-- [ RunTime:0.000479s ]
INFO: [ app_end ] --START--
INFO: Run Behavior\ShowPageTraceBehavior [ RunTime:0.000546s ]
INFO: [ app_end ] --END-- [ RunTime:0.000717s ]

[ 2022-01-06T13:20:49+08:00 ] ::1 /api_for_study/index.php/User/checkAuth
INFO: [ app_init ] --START--
INFO: Run Behavior\BuildLiteBehavior [ RunTime:0.000019s ]
INFO: [ app_init ] --END-- [ RunTime:0.000299s ]
INFO: [ app_begin ] --START--
INFO: Run Behavior\ReadHtmlCacheBehavior [ RunTime:0.000593s ]
INFO: [ app_begin ] --END-- [ RunTime:0.000739s ]
SQL: SHOW COLUMNS FROM `js_users` [ RunTime:0.0106s ]
SQL: SELECT * FROM `js_users` WHERE `ident_code` = 'f805e56d1d370e93a6975ad242c4ea0f' AND `token` = 'h7K1BuwAxGjwWkFtBvV3ZrjIXcQFLWAE' LIMIT 1   [ RunTime:0.0003s ]
SQL: SELECT `timeout` FROM `js_users` WHERE `ident_code` = 'f805e56d1d370e93a6975ad242c4ea0f' AND `token` = 'h7K1BuwAxGjwWkFtBvV3ZrjIXcQFLWAE' LIMIT 1   [ RunTime:0.0002s ]
NOTIC: [8] Use of undefined constant error_code - assumed 'error_code' D:\Programs\wamp\www\api_for_study\Home\Model\UsersModel.class.php 第 108 行.
NOTIC: [8] Use of undefined constant error_msg - assumed 'error_msg' D:\Programs\wamp\www\api_for_study\Home\Model\UsersModel.class.php 第 109 行.

[ 2022-01-06T13:21:03+08:00 ] ::1 /api_for_study/index.php/User/verify
INFO: [ app_init ] --START--
INFO: Run Behavior\BuildLiteBehavior [ RunTime:0.000021s ]
INFO: [ app_init ] --END-- [ RunTime:0.000297s ]
INFO: [ app_begin ] --START--
INFO: Run Behavior\ReadHtmlCacheBehavior [ RunTime:0.000313s ]
INFO: [ app_begin ] --END-- [ RunTime:0.000408s ]
INFO: [ app_end ] --START--
INFO: Run Behavior\ShowPageTraceBehavior [ RunTime:0.000468s ]
INFO: [ app_end ] --END-- [ RunTime:0.000578s ]

[ 2022-01-06T13:21:04+08:00 ] ::1 /api_for_study/index.php/User/checkAuth
INFO: [ app_init ] --START--
INFO: Run Behavior\BuildLiteBehavior [ RunTime:0.000022s ]
INFO: [ app_init ] --END-- [ RunTime:0.000303s ]
INFO: [ app_begin ] --START--
INFO: Run Behavior\ReadHtmlCacheBehavior [ RunTime:0.000310s ]
INFO: [ app_begin ] --END-- [ RunTime:0.000417s ]
SQL: SHOW COLUMNS FROM `js_users` [ RunTime:0.0110s ]
SQL: SELECT * FROM `js_users` WHERE `ident_code` = 'f805e56d1d370e93a6975ad242c4ea0f' AND `token` = 'h7K1BuwAxGjwWkFtBvV3ZrjIXcQFLWAE' LIMIT 1   [ RunTime:0.0005s ]
SQL: SELECT `timeout` FROM `js_users` WHERE `ident_code` = 'f805e56d1d370e93a6975ad242c4ea0f' AND `token` = 'h7K1BuwAxGjwWkFtBvV3ZrjIXcQFLWAE' LIMIT 1   [ RunTime:0.0003s ]
NOTIC: [8] Use of undefined constant error_code - assumed 'error_code' D:\Programs\wamp\www\api_for_study\Home\Model\UsersModel.class.php 第 108 行.
NOTIC: [8] Use of undefined constant error_msg - assumed 'error_msg' D:\Programs\wamp\www\api_for_study\Home\Model\UsersModel.class.php 第 109 行.

[ 2022-01-06T13:21:06+08:00 ] ::1 /api_for_study/index.php/User/verify
INFO: [ app_init ] --START--
INFO: Run Behavior\BuildLiteBehavior [ RunTime:0.000027s ]
INFO: [ app_init ] --END-- [ RunTime:0.000490s ]
INFO: [ app_begin ] --START--
INFO: Run Behavior\ReadHtmlCacheBehavior [ RunTime:0.001465s ]
INFO: [ app_begin ] --END-- [ RunTime:0.001813s ]
INFO: [ app_end ] --START--
INFO: Run Behavior\ShowPageTraceBehavior [ RunTime:0.000617s ]
INFO: [ app_end ] --END-- [ RunTime:0.000789s ]

[ 2022-01-06T13:21:06+08:00 ] ::1 /api_for_study/index.php/User/checkAuth
INFO: [ app_init ] --START--
INFO: Run Behavior\BuildLiteBehavior [ RunTime:0.000020s ]
INFO: [ app_init ] --END-- [ RunTime:0.000292s ]
INFO: [ app_begin ] --START--
INFO: Run Behavior\ReadHtmlCacheBehavior [ RunTime:0.000292s ]
INFO: [ app_begin ] --END-- [ RunTime:0.000386s ]
SQL: SHOW COLUMNS FROM `js_users` [ RunTime:0.0110s ]
SQL: SELECT * FROM `js_users` WHERE `ident_code` = 'f805e56d1d370e93a6975ad242c4ea0f' AND `token` = 'h7K1BuwAxGjwWkFtBvV3ZrjIXcQFLWAE' LIMIT 1   [ RunTime:0.0004s ]
SQL: SELECT `timeout` FROM `js_users` WHERE `ident_code` = 'f805e56d1d370e93a6975ad242c4ea0f' AND `token` = 'h7K1BuwAxGjwWkFtBvV3ZrjIXcQFLWAE' LIMIT 1   [ RunTime:0.0002s ]
NOTIC: [8] Use of undefined constant error_code - assumed 'error_code' D:\Programs\wamp\www\api_for_study\Home\Model\UsersModel.class.php 第 108 行.
NOTIC: [8] Use of undefined constant error_msg - assumed 'error_msg' D:\Programs\wamp\www\api_for_study\Home\Model\UsersModel.class.php 第 109 行.

[ 2022-01-06T13:21:07+08:00 ] ::1 /api_for_study/index.php/User/logout
INFO: [ app_init ] --START--
INFO: Run Behavior\BuildLiteBehavior [ RunTime:0.000022s ]
INFO: [ app_init ] --END-- [ RunTime:0.000320s ]
INFO: [ app_begin ] --START--
INFO: Run Behavior\ReadHtmlCacheBehavior [ RunTime:0.000295s ]
INFO: [ app_begin ] --END-- [ RunTime:0.000420s ]
INFO: [ app_end ] --START--
INFO: Run Behavior\ShowPageTraceBehavior [ RunTime:0.000309s ]
INFO: [ app_end ] --END-- [ RunTime:0.000401s ]

